  b64.c
C:\Program Files (x86)\Windows Kits\10\Include\10.0.22621.0\ucrt\corecrt_math.h(88,1): warning C4005: 'INFINITY': redefinición de macro
C:\Users\Cris Pat\Desktop\U\Semestre_10\Tesis\Toolbox Epileptic EEG Analysis\pruebas\CHAMELEON\metis-5.1.0\GKlib\gk_arch.h(67,1): message : vea la definición anterior de 'INFINITY'
C:\Program Files (x86)\Windows Kits\10\Include\10.0.22621.0\ucrt\corecrt_math.h(536,44): error C2059: error de sintaxis: '('
  blas.c
C:\Program Files (x86)\Windows Kits\10\Include\10.0.22621.0\ucrt\corecrt_math.h(88,1): warning C4005: 'INFINITY': redefinición de macro
C:\Users\Cris Pat\Desktop\U\Semestre_10\Tesis\Toolbox Epileptic EEG Analysis\pruebas\CHAMELEON\metis-5.1.0\GKlib\gk_arch.h(67,1): message : vea la definición anterior de 'INFINITY'
C:\Program Files (x86)\Windows Kits\10\Include\10.0.22621.0\ucrt\corecrt_math.h(536,44): error C2059: error de sintaxis: '('
C:\Users\Cris Pat\Desktop\U\Semestre_10\Tesis\Toolbox Epileptic EEG Analysis\pruebas\CHAMELEON\metis-5.1.0\GKlib\blas.c(25,1): warning C4267: '=': conversión de 'size_t' a 'char'; posible pérdida de datos
C:\Users\Cris Pat\Desktop\U\Semestre_10\Tesis\Toolbox Epileptic EEG Analysis\pruebas\CHAMELEON\metis-5.1.0\GKlib\blas.c(25,1): warning C4244: 'inicializando': conversión de 'double' a 'int'; posible pérdida de datos
C:\Users\Cris Pat\Desktop\U\Semestre_10\Tesis\Toolbox Epileptic EEG Analysis\pruebas\CHAMELEON\metis-5.1.0\GKlib\blas.c(26,1): warning C4267: '=': conversión de 'size_t' a 'int'; posible pérdida de datos
C:\Users\Cris Pat\Desktop\U\Semestre_10\Tesis\Toolbox Epileptic EEG Analysis\pruebas\CHAMELEON\metis-5.1.0\GKlib\blas.c(26,1): warning C4244: 'inicializando': conversión de 'double' a 'int'; posible pérdida de datos
C:\Users\Cris Pat\Desktop\U\Semestre_10\Tesis\Toolbox Epileptic EEG Analysis\pruebas\CHAMELEON\metis-5.1.0\GKlib\blas.c(27,1): warning C4267: '=': conversión de 'size_t' a 'int32_t'; posible pérdida de datos
C:\Users\Cris Pat\Desktop\U\Semestre_10\Tesis\Toolbox Epileptic EEG Analysis\pruebas\CHAMELEON\metis-5.1.0\GKlib\blas.c(27,1): warning C4244: 'inicializando': conversión de 'double' a 'int32_t'; posible pérdida de datos
C:\Users\Cris Pat\Desktop\U\Semestre_10\Tesis\Toolbox Epileptic EEG Analysis\pruebas\CHAMELEON\metis-5.1.0\GKlib\blas.c(28,1): warning C4244: 'inicializando': conversión de 'double' a 'int64_t'; posible pérdida de datos
C:\Users\Cris Pat\Desktop\U\Semestre_10\Tesis\Toolbox Epileptic EEG Analysis\pruebas\CHAMELEON\metis-5.1.0\GKlib\blas.c(29,1): warning C4244: 'inicializando': conversión de 'double' a 'ssize_t'; posible pérdida de datos
C:\Users\Cris Pat\Desktop\U\Semestre_10\Tesis\Toolbox Epileptic EEG Analysis\pruebas\CHAMELEON\metis-5.1.0\GKlib\blas.c(32,1): warning C4244: 'inicializando': conversión de 'double' a 'gk_idx_t'; posible pérdida de datos
  csr.c
C:\Program Files (x86)\Windows Kits\10\Include\10.0.22621.0\ucrt\corecrt_math.h(88,1): warning C4005: 'INFINITY': redefinición de macro
C:\Users\Cris Pat\Desktop\U\Semestre_10\Tesis\Toolbox Epileptic EEG Analysis\pruebas\CHAMELEON\metis-5.1.0\GKlib\gk_arch.h(67,1): message : vea la definición anterior de 'INFINITY'
C:\Program Files (x86)\Windows Kits\10\Include\10.0.22621.0\ucrt\corecrt_math.h(536,44): error C2059: error de sintaxis: '('
C:\Users\Cris Pat\Desktop\U\Semestre_10\Tesis\Toolbox Epileptic EEG Analysis\pruebas\CHAMELEON\metis-5.1.0\GKlib\csr.c(470,16): warning C4267: '=': conversión de 'size_t' a 'int32_t'; posible pérdida de datos
C:\Users\Cris Pat\Desktop\U\Semestre_10\Tesis\Toolbox Epileptic EEG Analysis\pruebas\CHAMELEON\metis-5.1.0\GKlib\csr.c(487,41): warning C4018: '<': no coinciden signed/unsigned
C:\Users\Cris Pat\Desktop\U\Semestre_10\Tesis\Toolbox Epileptic EEG Analysis\pruebas\CHAMELEON\metis-5.1.0\GKlib\csr.c(512,18): warning C4018: '<': no coinciden signed/unsigned
C:\Users\Cris Pat\Desktop\U\Semestre_10\Tesis\Toolbox Epileptic EEG Analysis\pruebas\CHAMELEON\metis-5.1.0\GKlib\csr.c(562,23): warning C4267: '=': conversión de 'size_t' a 'int32_t'; posible pérdida de datos
C:\Users\Cris Pat\Desktop\U\Semestre_10\Tesis\Toolbox Epileptic EEG Analysis\pruebas\CHAMELEON\metis-5.1.0\GKlib\csr.c(794,18): warning C4244: '=': conversión de 'ssize_t' a 'int'; posible pérdida de datos
C:\Users\Cris Pat\Desktop\U\Semestre_10\Tesis\Toolbox Epileptic EEG Analysis\pruebas\CHAMELEON\metis-5.1.0\GKlib\csr.c(811,45): warning C4244: '=': conversión de 'ssize_t' a 'int'; posible pérdida de datos
C:\Users\Cris Pat\Desktop\U\Semestre_10\Tesis\Toolbox Epileptic EEG Analysis\pruebas\CHAMELEON\metis-5.1.0\GKlib\csr.c(837,18): warning C4244: '=': conversión de 'ssize_t' a 'int'; posible pérdida de datos
C:\Users\Cris Pat\Desktop\U\Semestre_10\Tesis\Toolbox Epileptic EEG Analysis\pruebas\CHAMELEON\metis-5.1.0\GKlib\csr.c(854,43): warning C4244: '=': conversión de 'ssize_t' a 'int'; posible pérdida de datos
C:\Users\Cris Pat\Desktop\U\Semestre_10\Tesis\Toolbox Epileptic EEG Analysis\pruebas\CHAMELEON\metis-5.1.0\GKlib\csr.c(945,43): warning C4244: '=': conversión de 'ssize_t' a 'int'; posible pérdida de datos
C:\Users\Cris Pat\Desktop\U\Semestre_10\Tesis\Toolbox Epileptic EEG Analysis\pruebas\CHAMELEON\metis-5.1.0\GKlib\csr.c(953,43): warning C4244: '=': conversión de 'ssize_t' a 'int'; posible pérdida de datos
C:\Users\Cris Pat\Desktop\U\Semestre_10\Tesis\Toolbox Epileptic EEG Analysis\pruebas\CHAMELEON\metis-5.1.0\GKlib\csr.c(988,33): warning C4244: '=': conversión de 'ssize_t' a 'int'; posible pérdida de datos
C:\Users\Cris Pat\Desktop\U\Semestre_10\Tesis\Toolbox Epileptic EEG Analysis\pruebas\CHAMELEON\metis-5.1.0\GKlib\csr.c(995,33): warning C4244: '=': conversión de 'ssize_t' a 'int'; posible pérdida de datos
C:\Users\Cris Pat\Desktop\U\Semestre_10\Tesis\Toolbox Epileptic EEG Analysis\pruebas\CHAMELEON\metis-5.1.0\GKlib\csr.c(1187,12): warning C4244: '=': conversión de 'ssize_t' a 'int'; posible pérdida de datos
C:\Users\Cris Pat\Desktop\U\Semestre_10\Tesis\Toolbox Epileptic EEG Analysis\pruebas\CHAMELEON\metis-5.1.0\GKlib\csr.c(1277,33): warning C4244: '=': conversión de 'ssize_t' a 'int'; posible pérdida de datos
C:\Users\Cris Pat\Desktop\U\Semestre_10\Tesis\Toolbox Epileptic EEG Analysis\pruebas\CHAMELEON\metis-5.1.0\GKlib\csr.c(1294,29): warning C4244: '=': conversión de 'ssize_t' a 'int'; posible pérdida de datos
C:\Users\Cris Pat\Desktop\U\Semestre_10\Tesis\Toolbox Epileptic EEG Analysis\pruebas\CHAMELEON\metis-5.1.0\GKlib\csr.c(1302,35): warning C4244: '=': conversión de 'ssize_t' a 'int'; posible pérdida de datos
C:\Users\Cris Pat\Desktop\U\Semestre_10\Tesis\Toolbox Epileptic EEG Analysis\pruebas\CHAMELEON\metis-5.1.0\GKlib\csr.c(1343,13): warning C4244: '=': conversión de 'double' a 'float'; posible pérdida de datos
C:\Users\Cris Pat\Desktop\U\Semestre_10\Tesis\Toolbox Epileptic EEG Analysis\pruebas\CHAMELEON\metis-5.1.0\GKlib\csr.c(1345,13): warning C4244: '=': conversión de 'double' a 'float'; posible pérdida de datos
C:\Users\Cris Pat\Desktop\U\Semestre_10\Tesis\Toolbox Epileptic EEG Analysis\pruebas\CHAMELEON\metis-5.1.0\GKlib\csr.c(1370,13): warning C4244: '=': conversión de 'double' a 'float'; posible pérdida de datos
C:\Users\Cris Pat\Desktop\U\Semestre_10\Tesis\Toolbox Epileptic EEG Analysis\pruebas\CHAMELEON\metis-5.1.0\GKlib\csr.c(1372,13): warning C4244: '=': conversión de 'double' a 'float'; posible pérdida de datos
C:\Users\Cris Pat\Desktop\U\Semestre_10\Tesis\Toolbox Epileptic EEG Analysis\pruebas\CHAMELEON\metis-5.1.0\GKlib\csr.c(1408,19): warning C4244: '=': conversión de 'double' a 'float'; posible pérdida de datos
C:\Users\Cris Pat\Desktop\U\Semestre_10\Tesis\Toolbox Epileptic EEG Analysis\pruebas\CHAMELEON\metis-5.1.0\GKlib\csr.c(1410,21): warning C4244: '=': conversión de 'double' a 'float'; posible pérdida de datos
C:\Users\Cris Pat\Desktop\U\Semestre_10\Tesis\Toolbox Epileptic EEG Analysis\pruebas\CHAMELEON\metis-5.1.0\GKlib\csr.c(1413,28): warning C4244: '=': conversión de 'double' a 'float'; posible pérdida de datos
C:\Users\Cris Pat\Desktop\U\Semestre_10\Tesis\Toolbox Epileptic EEG Analysis\pruebas\CHAMELEON\metis-5.1.0\GKlib\csr.c(1423,19): warning C4244: '=': conversión de 'double' a 'float'; posible pérdida de datos
C:\Users\Cris Pat\Desktop\U\Semestre_10\Tesis\Toolbox Epileptic EEG Analysis\pruebas\CHAMELEON\metis-5.1.0\GKlib\csr.c(1425,21): warning C4244: '=': conversión de 'double' a 'float'; posible pérdida de datos
C:\Users\Cris Pat\Desktop\U\Semestre_10\Tesis\Toolbox Epileptic EEG Analysis\pruebas\CHAMELEON\metis-5.1.0\GKlib\csr.c(1428,28): warning C4244: '=': conversión de 'double' a 'float'; posible pérdida de datos
C:\Users\Cris Pat\Desktop\U\Semestre_10\Tesis\Toolbox Epileptic EEG Analysis\pruebas\CHAMELEON\metis-5.1.0\GKlib\csr.c(1440,29): warning C4244: '=': conversión de 'double' a 'float'; posible pérdida de datos
C:\Users\Cris Pat\Desktop\U\Semestre_10\Tesis\Toolbox Epileptic EEG Analysis\pruebas\CHAMELEON\metis-5.1.0\GKlib\csr.c(1453,29): warning C4244: '=': conversión de 'double' a 'float'; posible pérdida de datos
C:\Users\Cris Pat\Desktop\U\Semestre_10\Tesis\Toolbox Epileptic EEG Analysis\pruebas\CHAMELEON\metis-5.1.0\GKlib\csr.c(1466,30): warning C4244: 'función': conversión de 'double' a 'float'; posible pérdida de datos
C:\Users\Cris Pat\Desktop\U\Semestre_10\Tesis\Toolbox Epileptic EEG Analysis\pruebas\CHAMELEON\metis-5.1.0\GKlib\csr.c(1466,30): warning C4305: 'función': truncamiento de 'double' a 'float'
C:\Users\Cris Pat\Desktop\U\Semestre_10\Tesis\Toolbox Epileptic EEG Analysis\pruebas\CHAMELEON\metis-5.1.0\GKlib\csr.c(1466,29): warning C4244: '=': conversión de 'double' a 'float'; posible pérdida de datos
C:\Users\Cris Pat\Desktop\U\Semestre_10\Tesis\Toolbox Epileptic EEG Analysis\pruebas\CHAMELEON\metis-5.1.0\GKlib\csr.c(1479,30): warning C4244: 'función': conversión de 'double' a 'float'; posible pérdida de datos
C:\Users\Cris Pat\Desktop\U\Semestre_10\Tesis\Toolbox Epileptic EEG Analysis\pruebas\CHAMELEON\metis-5.1.0\GKlib\csr.c(1479,29): warning C4244: '=': conversión de 'double' a 'float'; posible pérdida de datos
C:\Users\Cris Pat\Desktop\U\Semestre_10\Tesis\Toolbox Epileptic EEG Analysis\pruebas\CHAMELEON\metis-5.1.0\GKlib\csr.c(1492,30): warning C4244: 'función': conversión de 'double' a 'float'; posible pérdida de datos
C:\Users\Cris Pat\Desktop\U\Semestre_10\Tesis\Toolbox Epileptic EEG Analysis\pruebas\CHAMELEON\metis-5.1.0\GKlib\csr.c(1492,30): warning C4305: 'función': truncamiento de 'double' a 'float'
C:\Users\Cris Pat\Desktop\U\Semestre_10\Tesis\Toolbox Epileptic EEG Analysis\pruebas\CHAMELEON\metis-5.1.0\GKlib\csr.c(1492,29): warning C4244: '=': conversión de 'double' a 'float'; posible pérdida de datos
C:\Users\Cris Pat\Desktop\U\Semestre_10\Tesis\Toolbox Epileptic EEG Analysis\pruebas\CHAMELEON\metis-5.1.0\GKlib\csr.c(1505,26): warning C4244: '=': conversión de 'double' a 'float'; posible pérdida de datos
C:\Users\Cris Pat\Desktop\U\Semestre_10\Tesis\Toolbox Epileptic EEG Analysis\pruebas\CHAMELEON\metis-5.1.0\GKlib\csr.c(1534,23): warning C4244: '=': conversión de 'double' a 'float'; posible pérdida de datos
C:\Users\Cris Pat\Desktop\U\Semestre_10\Tesis\Toolbox Epileptic EEG Analysis\pruebas\CHAMELEON\metis-5.1.0\GKlib\csr.c(1566,18): warning C4244: '=': conversión de 'ssize_t' a 'int'; posible pérdida de datos
C:\Users\Cris Pat\Desktop\U\Semestre_10\Tesis\Toolbox Epileptic EEG Analysis\pruebas\CHAMELEON\metis-5.1.0\GKlib\csr.c(1571,23): warning C4244: '=': conversión de 'double' a 'float'; posible pérdida de datos
C:\Users\Cris Pat\Desktop\U\Semestre_10\Tesis\Toolbox Epileptic EEG Analysis\pruebas\CHAMELEON\metis-5.1.0\GKlib\csr.c(1707,32): warning C4244: '=': conversión de 'ssize_t' a 'int'; posible pérdida de datos
C:\Users\Cris Pat\Desktop\U\Semestre_10\Tesis\Toolbox Epileptic EEG Analysis\pruebas\CHAMELEON\metis-5.1.0\GKlib\csr.c(1708,32): warning C4244: '=': conversión de 'ssize_t' a 'int'; posible pérdida de datos
C:\Users\Cris Pat\Desktop\U\Semestre_10\Tesis\Toolbox Epileptic EEG Analysis\pruebas\CHAMELEON\metis-5.1.0\GKlib\csr.c(1718,32): warning C4244: '=': conversión de 'ssize_t' a 'int'; posible pérdida de datos
C:\Users\Cris Pat\Desktop\U\Semestre_10\Tesis\Toolbox Epileptic EEG Analysis\pruebas\CHAMELEON\metis-5.1.0\GKlib\csr.c(1719,32): warning C4244: '=': conversión de 'ssize_t' a 'int'; posible pérdida de datos
C:\Users\Cris Pat\Desktop\U\Semestre_10\Tesis\Toolbox Epileptic EEG Analysis\pruebas\CHAMELEON\metis-5.1.0\GKlib\csr.c(1763,15): warning C4244: '=': conversión de 'double' a 'float'; posible pérdida de datos
C:\Users\Cris Pat\Desktop\U\Semestre_10\Tesis\Toolbox Epileptic EEG Analysis\pruebas\CHAMELEON\metis-5.1.0\GKlib\csr.c(1765,15): warning C4244: '=': conversión de 'double' a 'float'; posible pérdida de datos
C:\Users\Cris Pat\Desktop\U\Semestre_10\Tesis\Toolbox Epileptic EEG Analysis\pruebas\CHAMELEON\metis-5.1.0\GKlib\csr.c(1796,13): warning C4244: '=': conversión de 'double' a 'float'; posible pérdida de datos
C:\Users\Cris Pat\Desktop\U\Semestre_10\Tesis\Toolbox Epileptic EEG Analysis\pruebas\CHAMELEON\metis-5.1.0\GKlib\csr.c(1828,13): warning C4244: '=': conversión de 'double' a 'float'; posible pérdida de datos
C:\Users\Cris Pat\Desktop\U\Semestre_10\Tesis\Toolbox Epileptic EEG Analysis\pruebas\CHAMELEON\metis-5.1.0\GKlib\csr.c(1990,11): warning C4244: '=': conversión de 'ssize_t' a 'int'; posible pérdida de datos
  error.c
C:\Program Files (x86)\Windows Kits\10\Include\10.0.22621.0\ucrt\corecrt_math.h(88,1): warning C4005: 'INFINITY': redefinición de macro
C:\Users\Cris Pat\Desktop\U\Semestre_10\Tesis\Toolbox Epileptic EEG Analysis\pruebas\CHAMELEON\metis-5.1.0\GKlib\gk_arch.h(67,1): message : vea la definición anterior de 'INFINITY'
C:\Program Files (x86)\Windows Kits\10\Include\10.0.22621.0\ucrt\corecrt_math.h(536,44): error C2059: error de sintaxis: '('
  evaluate.c
C:\Program Files (x86)\Windows Kits\10\Include\10.0.22621.0\ucrt\corecrt_math.h(88,1): warning C4005: 'INFINITY': redefinición de macro
C:\Users\Cris Pat\Desktop\U\Semestre_10\Tesis\Toolbox Epileptic EEG Analysis\pruebas\CHAMELEON\metis-5.1.0\GKlib\gk_arch.h(67,1): message : vea la definición anterior de 'INFINITY'
C:\Program Files (x86)\Windows Kits\10\Include\10.0.22621.0\ucrt\corecrt_math.h(536,44): error C2059: error de sintaxis: '('
C:\Users\Cris Pat\Desktop\U\Semestre_10\Tesis\Toolbox Epileptic EEG Analysis\pruebas\CHAMELEON\metis-5.1.0\GKlib\evaluate.c(34,32): warning C4244: '=': conversión de 'double' a 'float'; posible pérdida de datos
C:\Users\Cris Pat\Desktop\U\Semestre_10\Tesis\Toolbox Epileptic EEG Analysis\pruebas\CHAMELEON\metis-5.1.0\GKlib\evaluate.c(73,10): warning C4244: 'return': conversión de 'double' a 'float'; posible pérdida de datos
C:\Users\Cris Pat\Desktop\U\Semestre_10\Tesis\Toolbox Epileptic EEG Analysis\pruebas\CHAMELEON\metis-5.1.0\GKlib\evaluate.c(101,16): warning C4244: 'return': conversión de 'double' a 'float'; posible pérdida de datos
C:\Users\Cris Pat\Desktop\U\Semestre_10\Tesis\Toolbox Epileptic EEG Analysis\pruebas\CHAMELEON\metis-5.1.0\GKlib\evaluate.c(115,20): warning C4244: 'return': conversión de 'double' a 'float'; posible pérdida de datos
C:\Users\Cris Pat\Desktop\U\Semestre_10\Tesis\Toolbox Epileptic EEG Analysis\pruebas\CHAMELEON\metis-5.1.0\GKlib\evaluate.c(131,10): warning C4244: 'return': conversión de 'double' a 'float'; posible pérdida de datos
  fkvkselect.c
C:\Program Files (x86)\Windows Kits\10\Include\10.0.22621.0\ucrt\corecrt_math.h(88,1): warning C4005: 'INFINITY': redefinición de macro
C:\Users\Cris Pat\Desktop\U\Semestre_10\Tesis\Toolbox Epileptic EEG Analysis\pruebas\CHAMELEON\metis-5.1.0\GKlib\gk_arch.h(67,1): message : vea la definición anterior de 'INFINITY'
C:\Program Files (x86)\Windows Kits\10\Include\10.0.22621.0\ucrt\corecrt_math.h(536,44): error C2059: error de sintaxis: '('
C:\Users\Cris Pat\Desktop\U\Semestre_10\Tesis\Toolbox Epileptic EEG Analysis\pruebas\CHAMELEON\metis-5.1.0\GKlib\fkvkselect.c(27,12): warning C4267: 'return': conversión de 'size_t' a 'int'; posible pérdida de datos
C:\Users\Cris Pat\Desktop\U\Semestre_10\Tesis\Toolbox Epileptic EEG Analysis\pruebas\CHAMELEON\metis-5.1.0\GKlib\fkvkselect.c(29,18): warning C4267: '=': conversión de 'size_t' a 'int'; posible pérdida de datos
C:\Users\Cris Pat\Desktop\U\Semestre_10\Tesis\Toolbox Epileptic EEG Analysis\pruebas\CHAMELEON\metis-5.1.0\GKlib\fkvkselect.c(91,12): warning C4267: 'return': conversión de 'size_t' a 'int'; posible pérdida de datos
C:\Users\Cris Pat\Desktop\U\Semestre_10\Tesis\Toolbox Epileptic EEG Analysis\pruebas\CHAMELEON\metis-5.1.0\GKlib\fkvkselect.c(93,18): warning C4267: '=': conversión de 'size_t' a 'int'; posible pérdida de datos
  fs.c
C:\Program Files (x86)\Windows Kits\10\Include\10.0.22621.0\ucrt\corecrt_math.h(88,1): warning C4005: 'INFINITY': redefinición de macro
C:\Users\Cris Pat\Desktop\U\Semestre_10\Tesis\Toolbox Epileptic EEG Analysis\pruebas\CHAMELEON\metis-5.1.0\GKlib\gk_arch.h(67,1): message : vea la definición anterior de 'INFINITY'
C:\Program Files (x86)\Windows Kits\10\Include\10.0.22621.0\ucrt\corecrt_math.h(536,44): error C2059: error de sintaxis: '('
  getopt.c
C:\Program Files (x86)\Windows Kits\10\Include\10.0.22621.0\ucrt\corecrt_math.h(88,1): warning C4005: 'INFINITY': redefinición de macro
C:\Users\Cris Pat\Desktop\U\Semestre_10\Tesis\Toolbox Epileptic EEG Analysis\pruebas\CHAMELEON\metis-5.1.0\GKlib\gk_arch.h(67,1): message : vea la definición anterior de 'INFINITY'
C:\Program Files (x86)\Windows Kits\10\Include\10.0.22621.0\ucrt\corecrt_math.h(536,44): error C2059: error de sintaxis: '('
C:\Users\Cris Pat\Desktop\U\Semestre_10\Tesis\Toolbox Epileptic EEG Analysis\pruebas\CHAMELEON\metis-5.1.0\GKlib\getopt.c(769,19): warning C4028: parámetro formal 1 distinto de la declaración
C:\Users\Cris Pat\Desktop\U\Semestre_10\Tesis\Toolbox Epileptic EEG Analysis\pruebas\CHAMELEON\metis-5.1.0\GKlib\getopt.c(769,32): warning C4028: parámetro formal 2 distinto de la declaración
C:\Users\Cris Pat\Desktop\U\Semestre_10\Tesis\Toolbox Epileptic EEG Analysis\pruebas\CHAMELEON\metis-5.1.0\GKlib\getopt.c(833,25): warning C4028: parámetro formal 1 distinto de la declaración
C:\Users\Cris Pat\Desktop\U\Semestre_10\Tesis\Toolbox Epileptic EEG Analysis\pruebas\CHAMELEON\metis-5.1.0\GKlib\getopt.c(833,38): warning C4028: parámetro formal 2 distinto de la declaración
C:\Users\Cris Pat\Desktop\U\Semestre_10\Tesis\Toolbox Epileptic EEG Analysis\pruebas\CHAMELEON\metis-5.1.0\GKlib\getopt.c(849,29): warning C4028: parámetro formal 1 distinto de la declaración
C:\Users\Cris Pat\Desktop\U\Semestre_10\Tesis\Toolbox Epileptic EEG Analysis\pruebas\CHAMELEON\metis-5.1.0\GKlib\getopt.c(849,42): warning C4028: parámetro formal 2 distinto de la declaración
  gkregex.c
C:\Program Files (x86)\Windows Kits\10\Include\10.0.22621.0\ucrt\corecrt_math.h(88,1): warning C4005: 'INFINITY': redefinición de macro
C:\Users\Cris Pat\Desktop\U\Semestre_10\Tesis\Toolbox Epileptic EEG Analysis\pruebas\CHAMELEON\metis-5.1.0\GKlib\gk_arch.h(67,1): message : vea la definición anterior de 'INFINITY'
C:\Program Files (x86)\Windows Kits\10\Include\10.0.22621.0\ucrt\corecrt_math.h(536,44): error C2059: error de sintaxis: '('
C:\Users\Cris Pat\Desktop\U\Semestre_10\Tesis\Toolbox Epileptic EEG Analysis\pruebas\CHAMELEON\metis-5.1.0\GKlib\gkregex.c(2287,24): warning C4267: 'return': conversión de 'size_t' a 'int'; posible pérdida de datos
C:\Users\Cris Pat\Desktop\U\Semestre_10\Tesis\Toolbox Epileptic EEG Analysis\pruebas\CHAMELEON\metis-5.1.0\GKlib\gkregex.c(3166,19): warning C4018: '<=': no coinciden signed/unsigned
C:\Users\Cris Pat\Desktop\U\Semestre_10\Tesis\Toolbox Epileptic EEG Analysis\pruebas\CHAMELEON\metis-5.1.0\GKlib\gkregex.c(3334,48): warning C4267: 'función': conversión de 'size_t' a 'int'; posible pérdida de datos
C:\Users\Cris Pat\Desktop\U\Semestre_10\Tesis\Toolbox Epileptic EEG Analysis\pruebas\CHAMELEON\metis-5.1.0\GKlib\gkregex.c(3434,7): warning C4996: 'stricmp': The POSIX name for this item is deprecated. Instead, use the ISO C and C++ conformant name: _stricmp. See online help for details.
C:\Users\Cris Pat\Desktop\U\Semestre_10\Tesis\Toolbox Epileptic EEG Analysis\pruebas\CHAMELEON\metis-5.1.0\GKlib\gkregex.c(3435,10): warning C4996: 'stricmp': The POSIX name for this item is deprecated. Instead, use the ISO C and C++ conformant name: _stricmp. See online help for details.
C:\Users\Cris Pat\Desktop\U\Semestre_10\Tesis\Toolbox Epileptic EEG Analysis\pruebas\CHAMELEON\metis-5.1.0\GKlib\gkregex.c(4102,29): warning C4267: '=': conversión de 'size_t' a 'int'; posible pérdida de datos
C:\Users\Cris Pat\Desktop\U\Semestre_10\Tesis\Toolbox Epileptic EEG Analysis\pruebas\CHAMELEON\metis-5.1.0\GKlib\gkregex.c(4986,25): warning C4267: '=': conversión de 'size_t' a 'int'; posible pérdida de datos
C:\Users\Cris Pat\Desktop\U\Semestre_10\Tesis\Toolbox Epileptic EEG Analysis\pruebas\CHAMELEON\metis-5.1.0\GKlib\gkregex.c(5089,74): warning C4312: 'conversión de tipo': conversión de 'long' a 'void *' de mayor tamaño
C:\Users\Cris Pat\Desktop\U\Semestre_10\Tesis\Toolbox Epileptic EEG Analysis\pruebas\CHAMELEON\metis-5.1.0\GKlib\gkregex.c(6301,31): warning C4311: 'conversión de tipo': truncamiento de puntero de 'void *' a 'long'
C:\Users\Cris Pat\Desktop\U\Semestre_10\Tesis\Toolbox Epileptic EEG Analysis\pruebas\CHAMELEON\metis-5.1.0\GKlib\gkregex.c(6607,16): warning C4267: '=': conversión de 'size_t' a 'int'; posible pérdida de datos
C:\Users\Cris Pat\Desktop\U\Semestre_10\Tesis\Toolbox Epileptic EEG Analysis\pruebas\CHAMELEON\metis-5.1.0\GKlib\gkregex.c(6822,27): warning C4267: '=': conversión de 'size_t' a 'int'; posible pérdida de datos
C:\Users\Cris Pat\Desktop\U\Semestre_10\Tesis\Toolbox Epileptic EEG Analysis\pruebas\CHAMELEON\metis-5.1.0\GKlib\gkregex.c(6888,11): warning C4018: '>': no coinciden signed/unsigned
C:\Users\Cris Pat\Desktop\U\Semestre_10\Tesis\Toolbox Epileptic EEG Analysis\pruebas\CHAMELEON\metis-5.1.0\GKlib\gkregex.c(6913,13): warning C4018: '<': no coinciden signed/unsigned
C:\Users\Cris Pat\Desktop\U\Semestre_10\Tesis\Toolbox Epileptic EEG Analysis\pruebas\CHAMELEON\metis-5.1.0\GKlib\gkregex.c(7012,43): warning C4267: '=': conversión de 'size_t' a 'int'; posible pérdida de datos
C:\Users\Cris Pat\Desktop\U\Semestre_10\Tesis\Toolbox Epileptic EEG Analysis\pruebas\CHAMELEON\metis-5.1.0\GKlib\gkregex.c(7042,73): warning C4267: 'función': conversión de 'size_t' a 'int'; posible pérdida de datos
C:\Users\Cris Pat\Desktop\U\Semestre_10\Tesis\Toolbox Epileptic EEG Analysis\pruebas\CHAMELEON\metis-5.1.0\GKlib\gkregex.c(7796,64): warning C4267: 'función': conversión de 'size_t' a 'int'; posible pérdida de datos
C:\Users\Cris Pat\Desktop\U\Semestre_10\Tesis\Toolbox Epileptic EEG Analysis\pruebas\CHAMELEON\metis-5.1.0\GKlib\gkregex.c(7813,45): warning C4267: 'función': conversión de 'size_t' a 'int'; posible pérdida de datos
C:\Users\Cris Pat\Desktop\U\Semestre_10\Tesis\Toolbox Epileptic EEG Analysis\pruebas\CHAMELEON\metis-5.1.0\GKlib\gkregex.c(7826,43): warning C4267: 'función': conversión de 'size_t' a 'int'; posible pérdida de datos
C:\Users\Cris Pat\Desktop\U\Semestre_10\Tesis\Toolbox Epileptic EEG Analysis\pruebas\CHAMELEON\metis-5.1.0\GKlib\gkregex.c(7840,43): warning C4267: 'función': conversión de 'size_t' a 'int'; posible pérdida de datos
  htable.c
C:\Program Files (x86)\Windows Kits\10\Include\10.0.22621.0\ucrt\corecrt_math.h(88,1): warning C4005: 'INFINITY': redefinición de macro
C:\Users\Cris Pat\Desktop\U\Semestre_10\Tesis\Toolbox Epileptic EEG Analysis\pruebas\CHAMELEON\metis-5.1.0\GKlib\gk_arch.h(67,1): message : vea la definición anterior de 'INFINITY'
C:\Program Files (x86)\Windows Kits\10\Include\10.0.22621.0\ucrt\corecrt_math.h(536,44): error C2059: error de sintaxis: '('
C:\Users\Cris Pat\Desktop\U\Semestre_10\Tesis\Toolbox Epileptic EEG Analysis\pruebas\CHAMELEON\metis-5.1.0\GKlib\htable.c(64,62): warning C4244: 'función': conversión de 'ssize_t' a 'int'; posible pérdida de datos
C:\Users\Cris Pat\Desktop\U\Semestre_10\Tesis\Toolbox Epileptic EEG Analysis\pruebas\CHAMELEON\metis-5.1.0\GKlib\htable.c(143,31): warning C4244: 'return': conversión de 'ssize_t' a 'int'; posible pérdida de datos
C:\Users\Cris Pat\Desktop\U\Semestre_10\Tesis\Toolbox Epileptic EEG Analysis\pruebas\CHAMELEON\metis-5.1.0\GKlib\htable.c(150,31): warning C4244: 'return': conversión de 'ssize_t' a 'int'; posible pérdida de datos
C:\Users\Cris Pat\Desktop\U\Semestre_10\Tesis\Toolbox Epileptic EEG Analysis\pruebas\CHAMELEON\metis-5.1.0\GKlib\htable.c(173,35): warning C4244: '=': conversión de 'ssize_t' a 'int'; posible pérdida de datos
C:\Users\Cris Pat\Desktop\U\Semestre_10\Tesis\Toolbox Epileptic EEG Analysis\pruebas\CHAMELEON\metis-5.1.0\GKlib\htable.c(185,33): warning C4244: '=': conversión de 'ssize_t' a 'int'; posible pérdida de datos
C:\Users\Cris Pat\Desktop\U\Semestre_10\Tesis\Toolbox Epileptic EEG Analysis\pruebas\CHAMELEON\metis-5.1.0\GKlib\htable.c(210,31): warning C4244: 'return': conversión de 'ssize_t' a 'int'; posible pérdida de datos
C:\Users\Cris Pat\Desktop\U\Semestre_10\Tesis\Toolbox Epileptic EEG Analysis\pruebas\CHAMELEON\metis-5.1.0\GKlib\htable.c(220,31): warning C4244: 'return': conversión de 'ssize_t' a 'int'; posible pérdida de datos
  io.c
C:\Program Files (x86)\Windows Kits\10\Include\10.0.22621.0\ucrt\corecrt_math.h(88,1): warning C4005: 'INFINITY': redefinición de macro
C:\Users\Cris Pat\Desktop\U\Semestre_10\Tesis\Toolbox Epileptic EEG Analysis\pruebas\CHAMELEON\metis-5.1.0\GKlib\gk_arch.h(67,1): message : vea la definición anterior de 'INFINITY'
C:\Program Files (x86)\Windows Kits\10\Include\10.0.22621.0\ucrt\corecrt_math.h(536,44): error C2059: error de sintaxis: '('
  itemsets.c
C:\Program Files (x86)\Windows Kits\10\Include\10.0.22621.0\ucrt\corecrt_math.h(88,1): warning C4005: 'INFINITY': redefinición de macro
C:\Users\Cris Pat\Desktop\U\Semestre_10\Tesis\Toolbox Epileptic EEG Analysis\pruebas\CHAMELEON\metis-5.1.0\GKlib\gk_arch.h(67,1): message : vea la definición anterior de 'INFINITY'
C:\Program Files (x86)\Windows Kits\10\Include\10.0.22621.0\ucrt\corecrt_math.h(536,44): error C2059: error de sintaxis: '('
C:\Users\Cris Pat\Desktop\U\Semestre_10\Tesis\Toolbox Epileptic EEG Analysis\pruebas\CHAMELEON\metis-5.1.0\GKlib\itemsets.c(107,28): warning C4244: 'función': conversión de 'ssize_t' a 'int'; posible pérdida de datos
C:\Users\Cris Pat\Desktop\U\Semestre_10\Tesis\Toolbox Epileptic EEG Analysis\pruebas\CHAMELEON\metis-5.1.0\GKlib\itemsets.c(110,51): warning C4244: 'función': conversión de 'ssize_t' a 'int'; posible pérdida de datos
C:\Users\Cris Pat\Desktop\U\Semestre_10\Tesis\Toolbox Epileptic EEG Analysis\pruebas\CHAMELEON\metis-5.1.0\GKlib\itemsets.c(149,38): warning C4244: '=': conversión de 'ssize_t' a 'int'; posible pérdida de datos
C:\Users\Cris Pat\Desktop\U\Semestre_10\Tesis\Toolbox Epileptic EEG Analysis\pruebas\CHAMELEON\metis-5.1.0\GKlib\itemsets.c(169,28): warning C4244: '=': conversión de 'ssize_t' a 'int'; posible pérdida de datos
  mcore.c
C:\Program Files (x86)\Windows Kits\10\Include\10.0.22621.0\ucrt\corecrt_math.h(88,1): warning C4005: 'INFINITY': redefinición de macro
C:\Users\Cris Pat\Desktop\U\Semestre_10\Tesis\Toolbox Epileptic EEG Analysis\pruebas\CHAMELEON\metis-5.1.0\GKlib\gk_arch.h(67,1): message : vea la definición anterior de 'INFINITY'
C:\Program Files (x86)\Windows Kits\10\Include\10.0.22621.0\ucrt\corecrt_math.h(536,44): error C2059: error de sintaxis: '('
C:\Users\Cris Pat\Desktop\U\Semestre_10\Tesis\Toolbox Epileptic EEG Analysis\pruebas\CHAMELEON\metis-5.1.0\GKlib\mcore.c(208,29): warning C4018: '<': no coinciden signed/unsigned
C:\Users\Cris Pat\Desktop\U\Semestre_10\Tesis\Toolbox Epileptic EEG Analysis\pruebas\CHAMELEON\metis-5.1.0\GKlib\mcore.c(349,21): warning C4267: '=': conversión de 'size_t' a 'int'; posible pérdida de datos
C:\Users\Cris Pat\Desktop\U\Semestre_10\Tesis\Toolbox Epileptic EEG Analysis\pruebas\CHAMELEON\metis-5.1.0\GKlib\mcore.c(377,21): warning C4267: '=': conversión de 'size_t' a 'int'; posible pérdida de datos
  memory.c
C:\Program Files (x86)\Windows Kits\10\Include\10.0.22621.0\ucrt\corecrt_math.h(88,1): warning C4005: 'INFINITY': redefinición de macro
C:\Users\Cris Pat\Desktop\U\Semestre_10\Tesis\Toolbox Epileptic EEG Analysis\pruebas\CHAMELEON\metis-5.1.0\GKlib\gk_arch.h(67,1): message : vea la definición anterior de 'INFINITY'
C:\Program Files (x86)\Windows Kits\10\Include\10.0.22621.0\ucrt\corecrt_math.h(536,44): error C2059: error de sintaxis: '('
C:\Users\Cris Pat\Desktop\U\Semestre_10\Tesis\Toolbox Epileptic EEG Analysis\pruebas\CHAMELEON\metis-5.1.0\GKlib\memory.c(25,1): warning C4018: '<': no coinciden signed/unsigned
C:\Users\Cris Pat\Desktop\U\Semestre_10\Tesis\Toolbox Epileptic EEG Analysis\pruebas\CHAMELEON\metis-5.1.0\GKlib\memory.c(26,1): warning C4018: '<': no coinciden signed/unsigned
C:\Users\Cris Pat\Desktop\U\Semestre_10\Tesis\Toolbox Epileptic EEG Analysis\pruebas\CHAMELEON\metis-5.1.0\GKlib\memory.c(27,1): warning C4018: '<': no coinciden signed/unsigned
C:\Users\Cris Pat\Desktop\U\Semestre_10\Tesis\Toolbox Epileptic EEG Analysis\pruebas\CHAMELEON\metis-5.1.0\GKlib\memory.c(28,1): warning C4018: '<': no coinciden signed/unsigned
C:\Users\Cris Pat\Desktop\U\Semestre_10\Tesis\Toolbox Epileptic EEG Analysis\pruebas\CHAMELEON\metis-5.1.0\GKlib\memory.c(29,1): warning C4018: '<': no coinciden signed/unsigned
C:\Users\Cris Pat\Desktop\U\Semestre_10\Tesis\Toolbox Epileptic EEG Analysis\pruebas\CHAMELEON\metis-5.1.0\GKlib\memory.c(30,1): warning C4018: '<': no coinciden signed/unsigned
C:\Users\Cris Pat\Desktop\U\Semestre_10\Tesis\Toolbox Epileptic EEG Analysis\pruebas\CHAMELEON\metis-5.1.0\GKlib\memory.c(31,1): warning C4018: '<': no coinciden signed/unsigned
C:\Users\Cris Pat\Desktop\U\Semestre_10\Tesis\Toolbox Epileptic EEG Analysis\pruebas\CHAMELEON\metis-5.1.0\GKlib\memory.c(32,1): warning C4018: '<': no coinciden signed/unsigned
C:\Users\Cris Pat\Desktop\U\Semestre_10\Tesis\Toolbox Epileptic EEG Analysis\pruebas\CHAMELEON\metis-5.1.0\GKlib\memory.c(34,1): warning C4018: '<': no coinciden signed/unsigned
C:\Users\Cris Pat\Desktop\U\Semestre_10\Tesis\Toolbox Epileptic EEG Analysis\pruebas\CHAMELEON\metis-5.1.0\GKlib\memory.c(35,1): warning C4018: '<': no coinciden signed/unsigned
C:\Users\Cris Pat\Desktop\U\Semestre_10\Tesis\Toolbox Epileptic EEG Analysis\pruebas\CHAMELEON\metis-5.1.0\GKlib\memory.c(36,1): warning C4018: '<': no coinciden signed/unsigned
C:\Users\Cris Pat\Desktop\U\Semestre_10\Tesis\Toolbox Epileptic EEG Analysis\pruebas\CHAMELEON\metis-5.1.0\GKlib\memory.c(37,1): warning C4018: '<': no coinciden signed/unsigned
C:\Users\Cris Pat\Desktop\U\Semestre_10\Tesis\Toolbox Epileptic EEG Analysis\pruebas\CHAMELEON\metis-5.1.0\GKlib\memory.c(38,1): warning C4018: '<': no coinciden signed/unsigned
C:\Users\Cris Pat\Desktop\U\Semestre_10\Tesis\Toolbox Epileptic EEG Analysis\pruebas\CHAMELEON\metis-5.1.0\GKlib\memory.c(39,1): warning C4018: '<': no coinciden signed/unsigned
C:\Users\Cris Pat\Desktop\U\Semestre_10\Tesis\Toolbox Epileptic EEG Analysis\pruebas\CHAMELEON\metis-5.1.0\GKlib\memory.c(40,1): warning C4018: '<': no coinciden signed/unsigned
C:\Users\Cris Pat\Desktop\U\Semestre_10\Tesis\Toolbox Epileptic EEG Analysis\pruebas\CHAMELEON\metis-5.1.0\GKlib\memory.c(41,1): warning C4018: '<': no coinciden signed/unsigned
C:\Users\Cris Pat\Desktop\U\Semestre_10\Tesis\Toolbox Epileptic EEG Analysis\pruebas\CHAMELEON\metis-5.1.0\GKlib\memory.c(42,1): warning C4018: '<': no coinciden signed/unsigned
C:\Users\Cris Pat\Desktop\U\Semestre_10\Tesis\Toolbox Epileptic EEG Analysis\pruebas\CHAMELEON\metis-5.1.0\GKlib\memory.c(63,14): warning C4018: '<': no coinciden signed/unsigned
C:\Users\Cris Pat\Desktop\U\Semestre_10\Tesis\Toolbox Epileptic EEG Analysis\pruebas\CHAMELEON\metis-5.1.0\GKlib\memory.c(87,14): warning C4018: '<': no coinciden signed/unsigned
  omp.c
C:\Program Files (x86)\Windows Kits\10\Include\10.0.22621.0\ucrt\corecrt_math.h(88,1): warning C4005: 'INFINITY': redefinición de macro
C:\Users\Cris Pat\Desktop\U\Semestre_10\Tesis\Toolbox Epileptic EEG Analysis\pruebas\CHAMELEON\metis-5.1.0\GKlib\gk_arch.h(67,1): message : vea la definición anterior de 'INFINITY'
C:\Program Files (x86)\Windows Kits\10\Include\10.0.22621.0\ucrt\corecrt_math.h(536,44): error C2059: error de sintaxis: '('
  pdb.c
C:\Program Files (x86)\Windows Kits\10\Include\10.0.22621.0\ucrt\corecrt_math.h(88,1): warning C4005: 'INFINITY': redefinición de macro
C:\Users\Cris Pat\Desktop\U\Semestre_10\Tesis\Toolbox Epileptic EEG Analysis\pruebas\CHAMELEON\metis-5.1.0\GKlib\gk_arch.h(67,1): message : vea la definición anterior de 'INFINITY'
C:\Program Files (x86)\Windows Kits\10\Include\10.0.22621.0\ucrt\corecrt_math.h(536,44): error C2059: error de sintaxis: '('
  pqueue.c
C:\Program Files (x86)\Windows Kits\10\Include\10.0.22621.0\ucrt\corecrt_math.h(88,1): warning C4005: 'INFINITY': redefinición de macro
C:\Users\Cris Pat\Desktop\U\Semestre_10\Tesis\Toolbox Epileptic EEG Analysis\pruebas\CHAMELEON\metis-5.1.0\GKlib\gk_arch.h(67,1): message : vea la definición anterior de 'INFINITY'
C:\Program Files (x86)\Windows Kits\10\Include\10.0.22621.0\ucrt\corecrt_math.h(536,44): error C2059: error de sintaxis: '('
C:\Users\Cris Pat\Desktop\U\Semestre_10\Tesis\Toolbox Epileptic EEG Analysis\pruebas\CHAMELEON\metis-5.1.0\GKlib\pqueue.c(19,1): warning C4018: '<': no coinciden signed/unsigned
C:\Users\Cris Pat\Desktop\U\Semestre_10\Tesis\Toolbox Epileptic EEG Analysis\pruebas\CHAMELEON\metis-5.1.0\GKlib\pqueue.c(20,1): warning C4018: '<': no coinciden signed/unsigned
C:\Users\Cris Pat\Desktop\U\Semestre_10\Tesis\Toolbox Epileptic EEG Analysis\pruebas\CHAMELEON\metis-5.1.0\GKlib\pqueue.c(21,1): warning C4018: '<': no coinciden signed/unsigned
C:\Users\Cris Pat\Desktop\U\Semestre_10\Tesis\Toolbox Epileptic EEG Analysis\pruebas\CHAMELEON\metis-5.1.0\GKlib\pqueue.c(22,1): warning C4018: '<': no coinciden signed/unsigned
C:\Users\Cris Pat\Desktop\U\Semestre_10\Tesis\Toolbox Epileptic EEG Analysis\pruebas\CHAMELEON\metis-5.1.0\GKlib\pqueue.c(23,1): warning C4018: '<': no coinciden signed/unsigned
C:\Users\Cris Pat\Desktop\U\Semestre_10\Tesis\Toolbox Epileptic EEG Analysis\pruebas\CHAMELEON\metis-5.1.0\GKlib\pqueue.c(24,1): warning C4018: '<': no coinciden signed/unsigned
  random.c
C:\Program Files (x86)\Windows Kits\10\Include\10.0.22621.0\ucrt\corecrt_math.h(88,1): warning C4005: 'INFINITY': redefinición de macro
C:\Users\Cris Pat\Desktop\U\Semestre_10\Tesis\Toolbox Epileptic EEG Analysis\pruebas\CHAMELEON\metis-5.1.0\GKlib\gk_arch.h(67,1): message : vea la definición anterior de 'INFINITY'
C:\Program Files (x86)\Windows Kits\10\Include\10.0.22621.0\ucrt\corecrt_math.h(536,44): error C2059: error de sintaxis: '('
  rw.c
C:\Program Files (x86)\Windows Kits\10\Include\10.0.22621.0\ucrt\corecrt_math.h(88,1): warning C4005: 'INFINITY': redefinición de macro
C:\Users\Cris Pat\Desktop\U\Semestre_10\Tesis\Toolbox Epileptic EEG Analysis\pruebas\CHAMELEON\metis-5.1.0\GKlib\gk_arch.h(67,1): message : vea la definición anterior de 'INFINITY'
C:\Program Files (x86)\Windows Kits\10\Include\10.0.22621.0\ucrt\corecrt_math.h(536,44): error C2059: error de sintaxis: '('
C:\Users\Cris Pat\Desktop\U\Semestre_10\Tesis\Toolbox Epileptic EEG Analysis\pruebas\CHAMELEON\metis-5.1.0\GKlib\rw.c(96,18): warning C4244: '=': conversión de 'double' a 'float'; posible pérdida de datos
  seq.c
C:\Program Files (x86)\Windows Kits\10\Include\10.0.22621.0\ucrt\corecrt_math.h(88,1): warning C4005: 'INFINITY': redefinición de macro
C:\Users\Cris Pat\Desktop\U\Semestre_10\Tesis\Toolbox Epileptic EEG Analysis\pruebas\CHAMELEON\metis-5.1.0\GKlib\gk_arch.h(67,1): message : vea la definición anterior de 'INFINITY'
C:\Program Files (x86)\Windows Kits\10\Include\10.0.22621.0\ucrt\corecrt_math.h(536,44): error C2059: error de sintaxis: '('
C:\Users\Cris Pat\Desktop\U\Semestre_10\Tesis\Toolbox Epileptic EEG Analysis\pruebas\CHAMELEON\metis-5.1.0\GKlib\seq.c(56,16): warning C4267: '=': conversión de 'size_t' a 'int'; posible pérdida de datos
C:\Users\Cris Pat\Desktop\U\Semestre_10\Tesis\Toolbox Epileptic EEG Analysis\pruebas\CHAMELEON\metis-5.1.0\GKlib\seq.c(68,29): warning C4244: '=': conversión de 'gk_idx_t' a 'int'; posible pérdida de datos
C:\Users\Cris Pat\Desktop\U\Semestre_10\Tesis\Toolbox Epileptic EEG Analysis\pruebas\CHAMELEON\metis-5.1.0\GKlib\seq.c(107,16): warning C4267: '=': conversión de 'size_t' a 'int'; posible pérdida de datos
C:\Users\Cris Pat\Desktop\U\Semestre_10\Tesis\Toolbox Epileptic EEG Analysis\pruebas\CHAMELEON\metis-5.1.0\GKlib\seq.c(131,23): warning C4018: '<': no coinciden signed/unsigned
C:\Users\Cris Pat\Desktop\U\Semestre_10\Tesis\Toolbox Epileptic EEG Analysis\pruebas\CHAMELEON\metis-5.1.0\GKlib\seq.c(150,16): warning C4244: '=': conversión de 'gk_idx_t' a 'int'; posible pérdida de datos
  Generando código...
  Compilando...
  sort.c
C:\Program Files (x86)\Windows Kits\10\Include\10.0.22621.0\ucrt\corecrt_math.h(88,1): warning C4005: 'INFINITY': redefinición de macro
C:\Users\Cris Pat\Desktop\U\Semestre_10\Tesis\Toolbox Epileptic EEG Analysis\pruebas\CHAMELEON\metis-5.1.0\GKlib\gk_arch.h(67,1): message : vea la definición anterior de 'INFINITY'
C:\Program Files (x86)\Windows Kits\10\Include\10.0.22621.0\ucrt\corecrt_math.h(536,44): error C2059: error de sintaxis: '('
  string.c
C:\Program Files (x86)\Windows Kits\10\Include\10.0.22621.0\ucrt\corecrt_math.h(88,1): warning C4005: 'INFINITY': redefinición de macro
C:\Users\Cris Pat\Desktop\U\Semestre_10\Tesis\Toolbox Epileptic EEG Analysis\pruebas\CHAMELEON\metis-5.1.0\GKlib\gk_arch.h(67,1): message : vea la definición anterior de 'INFINITY'
C:\Program Files (x86)\Windows Kits\10\Include\10.0.22621.0\ucrt\corecrt_math.h(536,44): error C2059: error de sintaxis: '('
C:\Users\Cris Pat\Desktop\U\Semestre_10\Tesis\Toolbox Epileptic EEG Analysis\pruebas\CHAMELEON\metis-5.1.0\GKlib\string.c(46,16): warning C4018: '<': no coinciden signed/unsigned
C:\Users\Cris Pat\Desktop\U\Semestre_10\Tesis\Toolbox Epileptic EEG Analysis\pruebas\CHAMELEON\metis-5.1.0\GKlib\string.c(47,16): warning C4018: '<': no coinciden signed/unsigned
C:\Users\Cris Pat\Desktop\U\Semestre_10\Tesis\Toolbox Epileptic EEG Analysis\pruebas\CHAMELEON\metis-5.1.0\GKlib\string.c(49,15): warning C4018: '<': no coinciden signed/unsigned
C:\Users\Cris Pat\Desktop\U\Semestre_10\Tesis\Toolbox Epileptic EEG Analysis\pruebas\CHAMELEON\metis-5.1.0\GKlib\string.c(162,18): warning C4018: '<': no coinciden signed/unsigned
C:\Users\Cris Pat\Desktop\U\Semestre_10\Tesis\Toolbox Epileptic EEG Analysis\pruebas\CHAMELEON\metis-5.1.0\GKlib\string.c(165,21): warning C4018: '<': no coinciden signed/unsigned
C:\Users\Cris Pat\Desktop\U\Semestre_10\Tesis\Toolbox Epileptic EEG Analysis\pruebas\CHAMELEON\metis-5.1.0\GKlib\string.c(181,21): warning C4018: '<': no coinciden signed/unsigned
C:\Users\Cris Pat\Desktop\U\Semestre_10\Tesis\Toolbox Epileptic EEG Analysis\pruebas\CHAMELEON\metis-5.1.0\GKlib\string.c(262,16): warning C4018: '<': no coinciden signed/unsigned
C:\Users\Cris Pat\Desktop\U\Semestre_10\Tesis\Toolbox Epileptic EEG Analysis\pruebas\CHAMELEON\metis-5.1.0\GKlib\string.c(299,16): warning C4018: '<': no coinciden signed/unsigned
C:\Users\Cris Pat\Desktop\U\Semestre_10\Tesis\Toolbox Epileptic EEG Analysis\pruebas\CHAMELEON\metis-5.1.0\GKlib\string.c(378,25): warning C4267: '=': conversión de 'size_t' a 'int'; posible pérdida de datos
C:\Users\Cris Pat\Desktop\U\Semestre_10\Tesis\Toolbox Epileptic EEG Analysis\pruebas\CHAMELEON\metis-5.1.0\GKlib\string.c(435,22): warning C4267: 'inicializando': conversión de 'size_t' a 'int'; posible pérdida de datos
C:\Users\Cris Pat\Desktop\U\Semestre_10\Tesis\Toolbox Epileptic EEG Analysis\pruebas\CHAMELEON\metis-5.1.0\GKlib\string.c(436,22): warning C4267: 'inicializando': conversión de 'size_t' a 'int'; posible pérdida de datos
  timers.c
C:\Program Files (x86)\Windows Kits\10\Include\10.0.22621.0\ucrt\corecrt_math.h(88,1): warning C4005: 'INFINITY': redefinición de macro
C:\Users\Cris Pat\Desktop\U\Semestre_10\Tesis\Toolbox Epileptic EEG Analysis\pruebas\CHAMELEON\metis-5.1.0\GKlib\gk_arch.h(67,1): message : vea la definición anterior de 'INFINITY'
C:\Program Files (x86)\Windows Kits\10\Include\10.0.22621.0\ucrt\corecrt_math.h(536,44): error C2059: error de sintaxis: '('
  tokenizer.c
C:\Program Files (x86)\Windows Kits\10\Include\10.0.22621.0\ucrt\corecrt_math.h(88,1): warning C4005: 'INFINITY': redefinición de macro
C:\Users\Cris Pat\Desktop\U\Semestre_10\Tesis\Toolbox Epileptic EEG Analysis\pruebas\CHAMELEON\metis-5.1.0\GKlib\gk_arch.h(67,1): message : vea la definición anterior de 'INFINITY'
C:\Program Files (x86)\Windows Kits\10\Include\10.0.22621.0\ucrt\corecrt_math.h(536,44): error C2059: error de sintaxis: '('
C:\Users\Cris Pat\Desktop\U\Semestre_10\Tesis\Toolbox Epileptic EEG Analysis\pruebas\CHAMELEON\metis-5.1.0\GKlib\tokenizer.c(28,11): warning C4267: '=': conversión de 'size_t' a 'int'; posible pérdida de datos
  auxapi.c
C:\Program Files (x86)\Windows Kits\10\Include\10.0.22621.0\ucrt\corecrt_math.h(88,1): warning C4005: 'INFINITY': redefinición de macro
C:\Users\Cris Pat\Desktop\U\Semestre_10\Tesis\Toolbox Epileptic EEG Analysis\pruebas\CHAMELEON\metis-5.1.0\GKlib\gk_arch.h(67,1): message : vea la definición anterior de 'INFINITY'
C:\Program Files (x86)\Windows Kits\10\Include\10.0.22621.0\ucrt\corecrt_math.h(536,44): error C2059: error de sintaxis: '('
  balance.c
C:\Program Files (x86)\Windows Kits\10\Include\10.0.22621.0\ucrt\corecrt_math.h(88,1): warning C4005: 'INFINITY': redefinición de macro
C:\Users\Cris Pat\Desktop\U\Semestre_10\Tesis\Toolbox Epileptic EEG Analysis\pruebas\CHAMELEON\metis-5.1.0\GKlib\gk_arch.h(67,1): message : vea la definición anterior de 'INFINITY'
C:\Program Files (x86)\Windows Kits\10\Include\10.0.22621.0\ucrt\corecrt_math.h(536,44): error C2059: error de sintaxis: '('
C:\Users\Cris Pat\Desktop\U\Semestre_10\Tesis\Toolbox Epileptic EEG Analysis\pruebas\CHAMELEON\metis-5.1.0\libmetis\balance.c(23,40): warning C4244: 'función': conversión de 'real_t' a 'int'; posible pérdida de datos
C:\Users\Cris Pat\Desktop\U\Semestre_10\Tesis\Toolbox Epileptic EEG Analysis\pruebas\CHAMELEON\metis-5.1.0\libmetis\balance.c(68,30): warning C4244: '=': conversión de 'real_t' a 'idx_t'; posible pérdida de datos
C:\Users\Cris Pat\Desktop\U\Semestre_10\Tesis\Toolbox Epileptic EEG Analysis\pruebas\CHAMELEON\metis-5.1.0\libmetis\balance.c(94,48): warning C4244: 'función': conversión de 'idx_t' a 'real_t'; posible pérdida de datos
C:\Users\Cris Pat\Desktop\U\Semestre_10\Tesis\Toolbox Epileptic EEG Analysis\pruebas\CHAMELEON\metis-5.1.0\libmetis\balance.c(136,38): warning C4244: 'función': conversión de 'idx_t' a 'real_t'; posible pérdida de datos
C:\Users\Cris Pat\Desktop\U\Semestre_10\Tesis\Toolbox Epileptic EEG Analysis\pruebas\CHAMELEON\metis-5.1.0\libmetis\balance.c(143,38): warning C4244: 'función': conversión de 'idx_t' a 'real_t'; posible pérdida de datos
C:\Users\Cris Pat\Desktop\U\Semestre_10\Tesis\Toolbox Epileptic EEG Analysis\pruebas\CHAMELEON\metis-5.1.0\libmetis\balance.c(196,30): warning C4244: '=': conversión de 'real_t' a 'idx_t'; posible pérdida de datos
C:\Users\Cris Pat\Desktop\U\Semestre_10\Tesis\Toolbox Epileptic EEG Analysis\pruebas\CHAMELEON\metis-5.1.0\libmetis\balance.c(218,32): warning C4244: 'función': conversión de 'idx_t' a 'real_t'; posible pérdida de datos
C:\Users\Cris Pat\Desktop\U\Semestre_10\Tesis\Toolbox Epileptic EEG Analysis\pruebas\CHAMELEON\metis-5.1.0\libmetis\balance.c(256,34): warning C4244: 'función': conversión de 'idx_t' a 'real_t'; posible pérdida de datos
C:\Users\Cris Pat\Desktop\U\Semestre_10\Tesis\Toolbox Epileptic EEG Analysis\pruebas\CHAMELEON\metis-5.1.0\libmetis\balance.c(315,11): warning C4244: '=': conversión de 'double' a 'idx_t'; posible pérdida de datos
C:\Users\Cris Pat\Desktop\U\Semestre_10\Tesis\Toolbox Epileptic EEG Analysis\pruebas\CHAMELEON\metis-5.1.0\libmetis\balance.c(377,51): warning C4244: 'función': conversión de 'idx_t' a 'real_t'; posible pérdida de datos
C:\Users\Cris Pat\Desktop\U\Semestre_10\Tesis\Toolbox Epileptic EEG Analysis\pruebas\CHAMELEON\metis-5.1.0\libmetis\balance.c(441,55): warning C4244: 'función': conversión de 'idx_t' a 'real_t'; posible pérdida de datos
  bucketsort.c
C:\Program Files (x86)\Windows Kits\10\Include\10.0.22621.0\ucrt\corecrt_math.h(88,1): warning C4005: 'INFINITY': redefinición de macro
C:\Users\Cris Pat\Desktop\U\Semestre_10\Tesis\Toolbox Epileptic EEG Analysis\pruebas\CHAMELEON\metis-5.1.0\GKlib\gk_arch.h(67,1): message : vea la definición anterior de 'INFINITY'
C:\Program Files (x86)\Windows Kits\10\Include\10.0.22621.0\ucrt\corecrt_math.h(536,44): error C2059: error de sintaxis: '('
  checkgraph.c
C:\Program Files (x86)\Windows Kits\10\Include\10.0.22621.0\ucrt\corecrt_math.h(88,1): warning C4005: 'INFINITY': redefinición de macro
C:\Users\Cris Pat\Desktop\U\Semestre_10\Tesis\Toolbox Epileptic EEG Analysis\pruebas\CHAMELEON\metis-5.1.0\GKlib\gk_arch.h(67,1): message : vea la definición anterior de 'INFINITY'
C:\Program Files (x86)\Windows Kits\10\Include\10.0.22621.0\ucrt\corecrt_math.h(536,44): error C2059: error de sintaxis: '('
  coarsen.c
C:\Program Files (x86)\Windows Kits\10\Include\10.0.22621.0\ucrt\corecrt_math.h(88,1): warning C4005: 'INFINITY': redefinición de macro
C:\Users\Cris Pat\Desktop\U\Semestre_10\Tesis\Toolbox Epileptic EEG Analysis\pruebas\CHAMELEON\metis-5.1.0\GKlib\gk_arch.h(67,1): message : vea la definición anterior de 'INFINITY'
C:\Program Files (x86)\Windows Kits\10\Include\10.0.22621.0\ucrt\corecrt_math.h(536,44): error C2059: error de sintaxis: '('
C:\Users\Cris Pat\Desktop\U\Semestre_10\Tesis\Toolbox Epileptic EEG Analysis\pruebas\CHAMELEON\metis-5.1.0\libmetis\coarsen.c(38,43): warning C4244: '=': conversión de 'double' a 'idx_t'; posible pérdida de datos
C:\Users\Cris Pat\Desktop\U\Semestre_10\Tesis\Toolbox Epileptic EEG Analysis\pruebas\CHAMELEON\metis-5.1.0\libmetis\coarsen.c(101,43): warning C4244: '=': conversión de 'double' a 'idx_t'; posible pérdida de datos
C:\Users\Cris Pat\Desktop\U\Semestre_10\Tesis\Toolbox Epileptic EEG Analysis\pruebas\CHAMELEON\metis-5.1.0\libmetis\coarsen.c(305,18): warning C4244: '=': conversión de 'double' a 'idx_t'; posible pérdida de datos
C:\Users\Cris Pat\Desktop\U\Semestre_10\Tesis\Toolbox Epileptic EEG Analysis\pruebas\CHAMELEON\metis-5.1.0\libmetis\coarsen.c(533,17): warning C4267: '=': conversión de 'size_t' a 'idx_t'; posible pérdida de datos
C:\Users\Cris Pat\Desktop\U\Semestre_10\Tesis\Toolbox Epileptic EEG Analysis\pruebas\CHAMELEON\metis-5.1.0\libmetis\coarsen.c(540,32): warning C4267: 'función': conversión de 'size_t' a 'idx_t'; posible pérdida de datos
C:\Users\Cris Pat\Desktop\U\Semestre_10\Tesis\Toolbox Epileptic EEG Analysis\pruebas\CHAMELEON\metis-5.1.0\libmetis\coarsen.c(548,44): warning C4267: '=': conversión de 'size_t' a 'idx_t'; posible pérdida de datos
C:\Users\Cris Pat\Desktop\U\Semestre_10\Tesis\Toolbox Epileptic EEG Analysis\pruebas\CHAMELEON\metis-5.1.0\libmetis\coarsen.c(782,30): warning C4244: '=': conversión de 'double' a 'real_t'; posible pérdida de datos
C:\Users\Cris Pat\Desktop\U\Semestre_10\Tesis\Toolbox Epileptic EEG Analysis\pruebas\CHAMELEON\metis-5.1.0\libmetis\coarsen.c(913,30): warning C4244: '=': conversión de 'double' a 'real_t'; posible pérdida de datos
C:\Users\Cris Pat\Desktop\U\Semestre_10\Tesis\Toolbox Epileptic EEG Analysis\pruebas\CHAMELEON\metis-5.1.0\libmetis\coarsen.c(1077,30): warning C4244: '=': conversión de 'double' a 'real_t'; posible pérdida de datos
  compress.c
C:\Program Files (x86)\Windows Kits\10\Include\10.0.22621.0\ucrt\corecrt_math.h(88,1): warning C4005: 'INFINITY': redefinición de macro
C:\Users\Cris Pat\Desktop\U\Semestre_10\Tesis\Toolbox Epileptic EEG Analysis\pruebas\CHAMELEON\metis-5.1.0\GKlib\gk_arch.h(67,1): message : vea la definición anterior de 'INFINITY'
C:\Program Files (x86)\Windows Kits\10\Include\10.0.22621.0\ucrt\corecrt_math.h(536,44): error C2059: error de sintaxis: '('
  contig.c
C:\Program Files (x86)\Windows Kits\10\Include\10.0.22621.0\ucrt\corecrt_math.h(88,1): warning C4005: 'INFINITY': redefinición de macro
C:\Users\Cris Pat\Desktop\U\Semestre_10\Tesis\Toolbox Epileptic EEG Analysis\pruebas\CHAMELEON\metis-5.1.0\GKlib\gk_arch.h(67,1): message : vea la definición anterior de 'INFINITY'
C:\Program Files (x86)\Windows Kits\10\Include\10.0.22621.0\ucrt\corecrt_math.h(536,44): error C2059: error de sintaxis: '('
C:\Users\Cris Pat\Desktop\U\Semestre_10\Tesis\Toolbox Epileptic EEG Analysis\pruebas\CHAMELEON\metis-5.1.0\libmetis\contig.c(455,38): warning C4244: '=': conversión de 'idx_t' a 'real_t'; posible pérdida de datos
  debug.c
C:\Program Files (x86)\Windows Kits\10\Include\10.0.22621.0\ucrt\corecrt_math.h(88,1): warning C4005: 'INFINITY': redefinición de macro
C:\Users\Cris Pat\Desktop\U\Semestre_10\Tesis\Toolbox Epileptic EEG Analysis\pruebas\CHAMELEON\metis-5.1.0\GKlib\gk_arch.h(67,1): message : vea la definición anterior de 'INFINITY'
C:\Program Files (x86)\Windows Kits\10\Include\10.0.22621.0\ucrt\corecrt_math.h(536,44): error C2059: error de sintaxis: '('
  fm.c
C:\Program Files (x86)\Windows Kits\10\Include\10.0.22621.0\ucrt\corecrt_math.h(88,1): warning C4005: 'INFINITY': redefinición de macro
C:\Users\Cris Pat\Desktop\U\Semestre_10\Tesis\Toolbox Epileptic EEG Analysis\pruebas\CHAMELEON\metis-5.1.0\GKlib\gk_arch.h(67,1): message : vea la definición anterior de 'INFINITY'
C:\Program Files (x86)\Windows Kits\10\Include\10.0.22621.0\ucrt\corecrt_math.h(536,44): error C2059: error de sintaxis: '('
C:\Users\Cris Pat\Desktop\U\Semestre_10\Tesis\Toolbox Epileptic EEG Analysis\pruebas\CHAMELEON\metis-5.1.0\libmetis\fm.c(56,30): warning C4244: '=': conversión de 'real_t' a 'idx_t'; posible pérdida de datos
C:\Users\Cris Pat\Desktop\U\Semestre_10\Tesis\Toolbox Epileptic EEG Analysis\pruebas\CHAMELEON\metis-5.1.0\libmetis\fm.c(59,13): warning C4244: '=': conversión de 'double' a 'idx_t'; posible pérdida de datos
C:\Users\Cris Pat\Desktop\U\Semestre_10\Tesis\Toolbox Epileptic EEG Analysis\pruebas\CHAMELEON\metis-5.1.0\libmetis\fm.c(88,67): warning C4244: 'función': conversión de 'idx_t' a 'real_t'; posible pérdida de datos
C:\Users\Cris Pat\Desktop\U\Semestre_10\Tesis\Toolbox Epileptic EEG Analysis\pruebas\CHAMELEON\metis-5.1.0\libmetis\fm.c(143,51): warning C4244: 'función': conversión de 'idx_t' a 'real_t'; posible pérdida de datos
C:\Users\Cris Pat\Desktop\U\Semestre_10\Tesis\Toolbox Epileptic EEG Analysis\pruebas\CHAMELEON\metis-5.1.0\libmetis\fm.c(150,51): warning C4244: 'función': conversión de 'idx_t' a 'real_t'; posible pérdida de datos
C:\Users\Cris Pat\Desktop\U\Semestre_10\Tesis\Toolbox Epileptic EEG Analysis\pruebas\CHAMELEON\metis-5.1.0\libmetis\fm.c(243,11): warning C4244: '=': conversión de 'double' a 'idx_t'; posible pérdida de datos
C:\Users\Cris Pat\Desktop\U\Semestre_10\Tesis\Toolbox Epileptic EEG Analysis\pruebas\CHAMELEON\metis-5.1.0\libmetis\fm.c(248,15): warning C4244: '=': conversión de 'double' a 'real_t'; posible pérdida de datos
C:\Users\Cris Pat\Desktop\U\Semestre_10\Tesis\Toolbox Epileptic EEG Analysis\pruebas\CHAMELEON\metis-5.1.0\libmetis\fm.c(293,20): warning C4244: '=': conversión de 'idx_t' a 'real_t'; posible pérdida de datos
C:\Users\Cris Pat\Desktop\U\Semestre_10\Tesis\Toolbox Epileptic EEG Analysis\pruebas\CHAMELEON\metis-5.1.0\libmetis\fm.c(366,28): warning C4244: '=': conversión de 'idx_t' a 'real_t'; posible pérdida de datos
C:\Users\Cris Pat\Desktop\U\Semestre_10\Tesis\Toolbox Epileptic EEG Analysis\pruebas\CHAMELEON\metis-5.1.0\libmetis\fm.c(378,28): warning C4244: '=': conversión de 'idx_t' a 'real_t'; posible pérdida de datos
  fortran.c
C:\Program Files (x86)\Windows Kits\10\Include\10.0.22621.0\ucrt\corecrt_math.h(88,1): warning C4005: 'INFINITY': redefinición de macro
C:\Users\Cris Pat\Desktop\U\Semestre_10\Tesis\Toolbox Epileptic EEG Analysis\pruebas\CHAMELEON\metis-5.1.0\GKlib\gk_arch.h(67,1): message : vea la definición anterior de 'INFINITY'
C:\Program Files (x86)\Windows Kits\10\Include\10.0.22621.0\ucrt\corecrt_math.h(536,44): error C2059: error de sintaxis: '('
  frename.c
C:\Program Files (x86)\Windows Kits\10\Include\10.0.22621.0\ucrt\corecrt_math.h(88,1): warning C4005: 'INFINITY': redefinición de macro
C:\Users\Cris Pat\Desktop\U\Semestre_10\Tesis\Toolbox Epileptic EEG Analysis\pruebas\CHAMELEON\metis-5.1.0\GKlib\gk_arch.h(67,1): message : vea la definición anterior de 'INFINITY'
C:\Program Files (x86)\Windows Kits\10\Include\10.0.22621.0\ucrt\corecrt_math.h(536,44): error C2059: error de sintaxis: '('
  gklib.c
C:\Program Files (x86)\Windows Kits\10\Include\10.0.22621.0\ucrt\corecrt_math.h(88,1): warning C4005: 'INFINITY': redefinición de macro
C:\Users\Cris Pat\Desktop\U\Semestre_10\Tesis\Toolbox Epileptic EEG Analysis\pruebas\CHAMELEON\metis-5.1.0\GKlib\gk_arch.h(67,1): message : vea la definición anterior de 'INFINITY'
C:\Program Files (x86)\Windows Kits\10\Include\10.0.22621.0\ucrt\corecrt_math.h(536,44): error C2059: error de sintaxis: '('
C:\Users\Cris Pat\Desktop\U\Semestre_10\Tesis\Toolbox Epileptic EEG Analysis\pruebas\CHAMELEON\metis-5.1.0\libmetis\gklib.c(18,1): warning C4267: '=': conversión de 'size_t' a 'idx_t'; posible pérdida de datos
C:\Users\Cris Pat\Desktop\U\Semestre_10\Tesis\Toolbox Epileptic EEG Analysis\pruebas\CHAMELEON\metis-5.1.0\libmetis\gklib.c(18,1): warning C4244: 'inicializando': conversión de 'double' a 'idx_t'; posible pérdida de datos
C:\Users\Cris Pat\Desktop\U\Semestre_10\Tesis\Toolbox Epileptic EEG Analysis\pruebas\CHAMELEON\metis-5.1.0\libmetis\gklib.c(19,1): warning C4267: '=': conversión de 'size_t' a 'idx_t'; posible pérdida de datos
C:\Users\Cris Pat\Desktop\U\Semestre_10\Tesis\Toolbox Epileptic EEG Analysis\pruebas\CHAMELEON\metis-5.1.0\libmetis\gklib.c(24,1): warning C4018: '<': no coinciden signed/unsigned
C:\Users\Cris Pat\Desktop\U\Semestre_10\Tesis\Toolbox Epileptic EEG Analysis\pruebas\CHAMELEON\metis-5.1.0\libmetis\gklib.c(25,1): warning C4018: '<': no coinciden signed/unsigned
C:\Users\Cris Pat\Desktop\U\Semestre_10\Tesis\Toolbox Epileptic EEG Analysis\pruebas\CHAMELEON\metis-5.1.0\libmetis\gklib.c(26,1): warning C4018: '<': no coinciden signed/unsigned
C:\Users\Cris Pat\Desktop\U\Semestre_10\Tesis\Toolbox Epileptic EEG Analysis\pruebas\CHAMELEON\metis-5.1.0\libmetis\gklib.c(27,1): warning C4018: '<': no coinciden signed/unsigned
C:\Users\Cris Pat\Desktop\U\Semestre_10\Tesis\Toolbox Epileptic EEG Analysis\pruebas\CHAMELEON\metis-5.1.0\libmetis\gklib.c(33,1): warning C4018: '<': no coinciden signed/unsigned
C:\Users\Cris Pat\Desktop\U\Semestre_10\Tesis\Toolbox Epileptic EEG Analysis\pruebas\CHAMELEON\metis-5.1.0\libmetis\gklib.c(34,1): warning C4018: '<': no coinciden signed/unsigned
  initpart.c
C:\Program Files (x86)\Windows Kits\10\Include\10.0.22621.0\ucrt\corecrt_math.h(88,1): warning C4005: 'INFINITY': redefinición de macro
C:\Users\Cris Pat\Desktop\U\Semestre_10\Tesis\Toolbox Epileptic EEG Analysis\pruebas\CHAMELEON\metis-5.1.0\GKlib\gk_arch.h(67,1): message : vea la definición anterior de 'INFINITY'
C:\Program Files (x86)\Windows Kits\10\Include\10.0.22621.0\ucrt\corecrt_math.h(536,44): error C2059: error de sintaxis: '('
C:\Users\Cris Pat\Desktop\U\Semestre_10\Tesis\Toolbox Epileptic EEG Analysis\pruebas\CHAMELEON\metis-5.1.0\libmetis\initpart.c(136,51): warning C4244: '=': conversión de 'real_t' a 'idx_t'; posible pérdida de datos
C:\Users\Cris Pat\Desktop\U\Semestre_10\Tesis\Toolbox Epileptic EEG Analysis\pruebas\CHAMELEON\metis-5.1.0\libmetis\initpart.c(213,50): warning C4244: '=': conversión de 'real_t' a 'idx_t'; posible pérdida de datos
C:\Users\Cris Pat\Desktop\U\Semestre_10\Tesis\Toolbox Epileptic EEG Analysis\pruebas\CHAMELEON\metis-5.1.0\libmetis\initpart.c(214,56): warning C4244: '=': conversión de 'double' a 'idx_t'; posible pérdida de datos
C:\Users\Cris Pat\Desktop\U\Semestre_10\Tesis\Toolbox Epileptic EEG Analysis\pruebas\CHAMELEON\metis-5.1.0\libmetis\initpart.c(352,18): warning C4267: '=': conversión de 'size_t' a 'idx_t'; posible pérdida de datos
C:\Users\Cris Pat\Desktop\U\Semestre_10\Tesis\Toolbox Epileptic EEG Analysis\pruebas\CHAMELEON\metis-5.1.0\libmetis\initpart.c(453,50): warning C4244: '=': conversión de 'double' a 'idx_t'; posible pérdida de datos
C:\Users\Cris Pat\Desktop\U\Semestre_10\Tesis\Toolbox Epileptic EEG Analysis\pruebas\CHAMELEON\metis-5.1.0\libmetis\initpart.c(454,56): warning C4244: '=': conversión de 'double' a 'idx_t'; posible pérdida de datos
  kmetis.c
C:\Program Files (x86)\Windows Kits\10\Include\10.0.22621.0\ucrt\corecrt_math.h(88,1): warning C4005: 'INFINITY': redefinición de macro
C:\Users\Cris Pat\Desktop\U\Semestre_10\Tesis\Toolbox Epileptic EEG Analysis\pruebas\CHAMELEON\metis-5.1.0\GKlib\gk_arch.h(67,1): message : vea la definición anterior de 'INFINITY'
C:\Program Files (x86)\Windows Kits\10\Include\10.0.22621.0\ucrt\corecrt_math.h(536,44): error C2059: error de sintaxis: '('
  kwayfm.c
C:\Program Files (x86)\Windows Kits\10\Include\10.0.22621.0\ucrt\corecrt_math.h(88,1): warning C4005: 'INFINITY': redefinición de macro
C:\Users\Cris Pat\Desktop\U\Semestre_10\Tesis\Toolbox Epileptic EEG Analysis\pruebas\CHAMELEON\metis-5.1.0\GKlib\gk_arch.h(67,1): message : vea la definición anterior de 'INFINITY'
C:\Program Files (x86)\Windows Kits\10\Include\10.0.22621.0\ucrt\corecrt_math.h(536,44): error C2059: error de sintaxis: '('
C:\Users\Cris Pat\Desktop\U\Semestre_10\Tesis\Toolbox Epileptic EEG Analysis\pruebas\CHAMELEON\metis-5.1.0\libmetis\kwayfm.c(102,33): warning C4244: '=': conversión de 'real_t' a 'idx_t'; posible pérdida de datos
C:\Users\Cris Pat\Desktop\U\Semestre_10\Tesis\Toolbox Epileptic EEG Analysis\pruebas\CHAMELEON\metis-5.1.0\libmetis\kwayfm.c(103,49): warning C4244: '=': conversión de 'real_t' a 'idx_t'; posible pérdida de datos
C:\Users\Cris Pat\Desktop\U\Semestre_10\Tesis\Toolbox Epileptic EEG Analysis\pruebas\CHAMELEON\metis-5.1.0\libmetis\kwayfm.c(104,49): warning C4244: '=': conversión de 'double' a 'idx_t'; posible pérdida de datos
C:\Users\Cris Pat\Desktop\U\Semestre_10\Tesis\Toolbox Epileptic EEG Analysis\pruebas\CHAMELEON\metis-5.1.0\libmetis\kwayfm.c(182,16): warning C4244: '=': conversión de 'double' a 'real_t'; posible pérdida de datos
C:\Users\Cris Pat\Desktop\U\Semestre_10\Tesis\Toolbox Epileptic EEG Analysis\pruebas\CHAMELEON\metis-5.1.0\libmetis\kwayfm.c(321,9): warning C4244: '=': conversión de 'double' a 'real_t'; posible pérdida de datos
C:\Users\Cris Pat\Desktop\U\Semestre_10\Tesis\Toolbox Epileptic EEG Analysis\pruebas\CHAMELEON\metis-5.1.0\libmetis\kwayfm.c(409,33): warning C4244: '=': conversión de 'real_t' a 'idx_t'; posible pérdida de datos
C:\Users\Cris Pat\Desktop\U\Semestre_10\Tesis\Toolbox Epileptic EEG Analysis\pruebas\CHAMELEON\metis-5.1.0\libmetis\kwayfm.c(410,49): warning C4244: '=': conversión de 'real_t' a 'idx_t'; posible pérdida de datos
C:\Users\Cris Pat\Desktop\U\Semestre_10\Tesis\Toolbox Epileptic EEG Analysis\pruebas\CHAMELEON\metis-5.1.0\libmetis\kwayfm.c(411,49): warning C4244: '=': conversión de 'double' a 'idx_t'; posible pérdida de datos
C:\Users\Cris Pat\Desktop\U\Semestre_10\Tesis\Toolbox Epileptic EEG Analysis\pruebas\CHAMELEON\metis-5.1.0\libmetis\kwayfm.c(748,65): warning C4244: '=': conversión de 'real_t' a 'idx_t'; posible pérdida de datos
C:\Users\Cris Pat\Desktop\U\Semestre_10\Tesis\Toolbox Epileptic EEG Analysis\pruebas\CHAMELEON\metis-5.1.0\libmetis\kwayfm.c(750,65): warning C4244: '=': conversión de 'double' a 'idx_t'; posible pérdida de datos
C:\Users\Cris Pat\Desktop\U\Semestre_10\Tesis\Toolbox Epileptic EEG Analysis\pruebas\CHAMELEON\metis-5.1.0\libmetis\kwayfm.c(824,16): warning C4244: '=': conversión de 'double' a 'real_t'; posible pérdida de datos
C:\Users\Cris Pat\Desktop\U\Semestre_10\Tesis\Toolbox Epileptic EEG Analysis\pruebas\CHAMELEON\metis-5.1.0\libmetis\kwayfm.c(977,9): warning C4244: '=': conversión de 'double' a 'real_t'; posible pérdida de datos
C:\Users\Cris Pat\Desktop\U\Semestre_10\Tesis\Toolbox Epileptic EEG Analysis\pruebas\CHAMELEON\metis-5.1.0\libmetis\kwayfm.c(1087,65): warning C4244: '=': conversión de 'real_t' a 'idx_t'; posible pérdida de datos
C:\Users\Cris Pat\Desktop\U\Semestre_10\Tesis\Toolbox Epileptic EEG Analysis\pruebas\CHAMELEON\metis-5.1.0\libmetis\kwayfm.c(1089,65): warning C4244: '=': conversión de 'double' a 'idx_t'; posible pérdida de datos
  kwayrefine.c
C:\Program Files (x86)\Windows Kits\10\Include\10.0.22621.0\ucrt\corecrt_math.h(88,1): warning C4005: 'INFINITY': redefinición de macro
C:\Users\Cris Pat\Desktop\U\Semestre_10\Tesis\Toolbox Epileptic EEG Analysis\pruebas\CHAMELEON\metis-5.1.0\GKlib\gk_arch.h(67,1): message : vea la definición anterior de 'INFINITY'
C:\Program Files (x86)\Windows Kits\10\Include\10.0.22621.0\ucrt\corecrt_math.h(536,44): error C2059: error de sintaxis: '('
C:\Users\Cris Pat\Desktop\U\Semestre_10\Tesis\Toolbox Epileptic EEG Analysis\pruebas\CHAMELEON\metis-5.1.0\libmetis\kwayrefine.c(54,55): warning C4305: 'función': truncamiento de 'double' a 'real_t'
C:\Users\Cris Pat\Desktop\U\Semestre_10\Tesis\Toolbox Epileptic EEG Analysis\pruebas\CHAMELEON\metis-5.1.0\libmetis\kwayrefine.c(69,41): warning C4305: 'función': truncamiento de 'double' a 'real_t'
  Generando código...
  Compilando...
  mcutil.c
C:\Program Files (x86)\Windows Kits\10\Include\10.0.22621.0\ucrt\corecrt_math.h(88,1): warning C4005: 'INFINITY': redefinición de macro
C:\Users\Cris Pat\Desktop\U\Semestre_10\Tesis\Toolbox Epileptic EEG Analysis\pruebas\CHAMELEON\metis-5.1.0\GKlib\gk_arch.h(67,1): message : vea la definición anterior de 'INFINITY'
C:\Program Files (x86)\Windows Kits\10\Include\10.0.22621.0\ucrt\corecrt_math.h(536,44): error C2059: error de sintaxis: '('
  mesh.c
C:\Program Files (x86)\Windows Kits\10\Include\10.0.22621.0\ucrt\corecrt_math.h(88,1): warning C4005: 'INFINITY': redefinición de macro
C:\Users\Cris Pat\Desktop\U\Semestre_10\Tesis\Toolbox Epileptic EEG Analysis\pruebas\CHAMELEON\metis-5.1.0\GKlib\gk_arch.h(67,1): message : vea la definición anterior de 'INFINITY'
C:\Program Files (x86)\Windows Kits\10\Include\10.0.22621.0\ucrt\corecrt_math.h(536,44): error C2059: error de sintaxis: '('
  meshpart.c
C:\Program Files (x86)\Windows Kits\10\Include\10.0.22621.0\ucrt\corecrt_math.h(88,1): warning C4005: 'INFINITY': redefinición de macro
C:\Users\Cris Pat\Desktop\U\Semestre_10\Tesis\Toolbox Epileptic EEG Analysis\pruebas\CHAMELEON\metis-5.1.0\GKlib\gk_arch.h(67,1): message : vea la definición anterior de 'INFINITY'
C:\Program Files (x86)\Windows Kits\10\Include\10.0.22621.0\ucrt\corecrt_math.h(536,44): error C2059: error de sintaxis: '('
C:\Users\Cris Pat\Desktop\U\Semestre_10\Tesis\Toolbox Epileptic EEG Analysis\pruebas\CHAMELEON\metis-5.1.0\libmetis\meshpart.c(200,21): warning C4244: '=': conversión de 'real_t' a 'idx_t'; posible pérdida de datos
  minconn.c
C:\Program Files (x86)\Windows Kits\10\Include\10.0.22621.0\ucrt\corecrt_math.h(88,1): warning C4005: 'INFINITY': redefinición de macro
C:\Users\Cris Pat\Desktop\U\Semestre_10\Tesis\Toolbox Epileptic EEG Analysis\pruebas\CHAMELEON\metis-5.1.0\GKlib\gk_arch.h(67,1): message : vea la definición anterior de 'INFINITY'
C:\Program Files (x86)\Windows Kits\10\Include\10.0.22621.0\ucrt\corecrt_math.h(536,44): error C2059: error de sintaxis: '('
C:\Users\Cris Pat\Desktop\U\Semestre_10\Tesis\Toolbox Epileptic EEG Analysis\pruebas\CHAMELEON\metis-5.1.0\libmetis\minconn.c(256,63): warning C4244: '=': conversión de 'double' a 'idx_t'; posible pérdida de datos
C:\Users\Cris Pat\Desktop\U\Semestre_10\Tesis\Toolbox Epileptic EEG Analysis\pruebas\CHAMELEON\metis-5.1.0\libmetis\minconn.c(203,19): warning C4305: 'inicializando': truncamiento de 'double' a 'real_t'
  mincover.c
C:\Program Files (x86)\Windows Kits\10\Include\10.0.22621.0\ucrt\corecrt_math.h(88,1): warning C4005: 'INFINITY': redefinición de macro
C:\Users\Cris Pat\Desktop\U\Semestre_10\Tesis\Toolbox Epileptic EEG Analysis\pruebas\CHAMELEON\metis-5.1.0\GKlib\gk_arch.h(67,1): message : vea la definición anterior de 'INFINITY'
C:\Program Files (x86)\Windows Kits\10\Include\10.0.22621.0\ucrt\corecrt_math.h(536,44): error C2059: error de sintaxis: '('
  mmd.c
C:\Program Files (x86)\Windows Kits\10\Include\10.0.22621.0\ucrt\corecrt_math.h(88,1): warning C4005: 'INFINITY': redefinición de macro
C:\Users\Cris Pat\Desktop\U\Semestre_10\Tesis\Toolbox Epileptic EEG Analysis\pruebas\CHAMELEON\metis-5.1.0\GKlib\gk_arch.h(67,1): message : vea la definición anterior de 'INFINITY'
C:\Program Files (x86)\Windows Kits\10\Include\10.0.22621.0\ucrt\corecrt_math.h(536,44): error C2059: error de sintaxis: '('
  ometis.c
C:\Program Files (x86)\Windows Kits\10\Include\10.0.22621.0\ucrt\corecrt_math.h(88,1): warning C4005: 'INFINITY': redefinición de macro
C:\Users\Cris Pat\Desktop\U\Semestre_10\Tesis\Toolbox Epileptic EEG Analysis\pruebas\CHAMELEON\metis-5.1.0\GKlib\gk_arch.h(67,1): message : vea la definición anterior de 'INFINITY'
C:\Program Files (x86)\Windows Kits\10\Include\10.0.22621.0\ucrt\corecrt_math.h(536,44): error C2059: error de sintaxis: '('
C:\Users\Cris Pat\Desktop\U\Semestre_10\Tesis\Toolbox Epileptic EEG Analysis\pruebas\CHAMELEON\metis-5.1.0\libmetis\ometis.c(109,35): warning C4244: '=': conversión de 'double' a 'real_t'; posible pérdida de datos
C:\Users\Cris Pat\Desktop\U\Semestre_10\Tesis\Toolbox Epileptic EEG Analysis\pruebas\CHAMELEON\metis-5.1.0\libmetis\ometis.c(367,44): warning C4244: 'función': conversión de 'double' a 'idx_t'; posible pérdida de datos
  options.c
C:\Program Files (x86)\Windows Kits\10\Include\10.0.22621.0\ucrt\corecrt_math.h(88,1): warning C4005: 'INFINITY': redefinición de macro
C:\Users\Cris Pat\Desktop\U\Semestre_10\Tesis\Toolbox Epileptic EEG Analysis\pruebas\CHAMELEON\metis-5.1.0\GKlib\gk_arch.h(67,1): message : vea la definición anterior de 'INFINITY'
C:\Program Files (x86)\Windows Kits\10\Include\10.0.22621.0\ucrt\corecrt_math.h(536,44): error C2059: error de sintaxis: '('
C:\Users\Cris Pat\Desktop\U\Semestre_10\Tesis\Toolbox Epileptic EEG Analysis\pruebas\CHAMELEON\metis-5.1.0\libmetis\options.c(69,27): warning C4244: '=': conversión de 'double' a 'real_t'; posible pérdida de datos
C:\Users\Cris Pat\Desktop\U\Semestre_10\Tesis\Toolbox Epileptic EEG Analysis\pruebas\CHAMELEON\metis-5.1.0\libmetis\options.c(100,39): warning C4244: '=': conversión de 'double' a 'real_t'; posible pérdida de datos
C:\Users\Cris Pat\Desktop\U\Semestre_10\Tesis\Toolbox Epileptic EEG Analysis\pruebas\CHAMELEON\metis-5.1.0\libmetis\options.c(112,42): warning C4244: 'función': conversión de 'double' a 'real_t'; posible pérdida de datos
C:\Users\Cris Pat\Desktop\U\Semestre_10\Tesis\Toolbox Epileptic EEG Analysis\pruebas\CHAMELEON\metis-5.1.0\libmetis\options.c(116,36): warning C4305: '+=': truncamiento de 'double' a 'real_t'
  parmetis.c
C:\Program Files (x86)\Windows Kits\10\Include\10.0.22621.0\ucrt\corecrt_math.h(88,1): warning C4005: 'INFINITY': redefinición de macro
C:\Users\Cris Pat\Desktop\U\Semestre_10\Tesis\Toolbox Epileptic EEG Analysis\pruebas\CHAMELEON\metis-5.1.0\GKlib\gk_arch.h(67,1): message : vea la definición anterior de 'INFINITY'
C:\Program Files (x86)\Windows Kits\10\Include\10.0.22621.0\ucrt\corecrt_math.h(536,44): error C2059: error de sintaxis: '('
C:\Users\Cris Pat\Desktop\U\Semestre_10\Tesis\Toolbox Epileptic EEG Analysis\pruebas\CHAMELEON\metis-5.1.0\libmetis\parmetis.c(296,36): warning C4244: 'función': conversión de 'idx_t' a 'real_t'; posible pérdida de datos
C:\Users\Cris Pat\Desktop\U\Semestre_10\Tesis\Toolbox Epileptic EEG Analysis\pruebas\CHAMELEON\metis-5.1.0\libmetis\parmetis.c(300,13): warning C4267: '=': conversión de 'size_t' a 'idx_t'; posible pérdida de datos
C:\Users\Cris Pat\Desktop\U\Semestre_10\Tesis\Toolbox Epileptic EEG Analysis\pruebas\CHAMELEON\metis-5.1.0\libmetis\parmetis.c(384,45): warning C4244: 'función': conversión de 'idx_t' a 'real_t'; posible pérdida de datos
C:\Users\Cris Pat\Desktop\U\Semestre_10\Tesis\Toolbox Epileptic EEG Analysis\pruebas\CHAMELEON\metis-5.1.0\libmetis\parmetis.c(390,40): warning C4244: 'función': conversión de 'idx_t' a 'real_t'; posible pérdida de datos
C:\Users\Cris Pat\Desktop\U\Semestre_10\Tesis\Toolbox Epileptic EEG Analysis\pruebas\CHAMELEON\metis-5.1.0\libmetis\parmetis.c(521,40): warning C4244: 'función': conversión de 'idx_t' a 'real_t'; posible pérdida de datos
C:\Users\Cris Pat\Desktop\U\Semestre_10\Tesis\Toolbox Epileptic EEG Analysis\pruebas\CHAMELEON\metis-5.1.0\libmetis\parmetis.c(522,40): warning C4244: 'función': conversión de 'idx_t' a 'real_t'; posible pérdida de datos
C:\Users\Cris Pat\Desktop\U\Semestre_10\Tesis\Toolbox Epileptic EEG Analysis\pruebas\CHAMELEON\metis-5.1.0\libmetis\parmetis.c(526,49): warning C4244: 'función': conversión de 'idx_t' a 'real_t'; posible pérdida de datos
C:\Users\Cris Pat\Desktop\U\Semestre_10\Tesis\Toolbox Epileptic EEG Analysis\pruebas\CHAMELEON\metis-5.1.0\libmetis\parmetis.c(612,48): warning C4244: 'función': conversión de 'idx_t' a 'real_t'; posible pérdida de datos
C:\Users\Cris Pat\Desktop\U\Semestre_10\Tesis\Toolbox Epileptic EEG Analysis\pruebas\CHAMELEON\metis-5.1.0\libmetis\parmetis.c(632,50): warning C4244: 'función': conversión de 'idx_t' a 'real_t'; posible pérdida de datos
C:\Users\Cris Pat\Desktop\U\Semestre_10\Tesis\Toolbox Epileptic EEG Analysis\pruebas\CHAMELEON\metis-5.1.0\libmetis\parmetis.c(638,45): warning C4244: 'función': conversión de 'idx_t' a 'real_t'; posible pérdida de datos
  pmetis.c
C:\Program Files (x86)\Windows Kits\10\Include\10.0.22621.0\ucrt\corecrt_math.h(88,1): warning C4005: 'INFINITY': redefinición de macro
C:\Users\Cris Pat\Desktop\U\Semestre_10\Tesis\Toolbox Epileptic EEG Analysis\pruebas\CHAMELEON\metis-5.1.0\GKlib\gk_arch.h(67,1): message : vea la definición anterior de 'INFINITY'
C:\Program Files (x86)\Windows Kits\10\Include\10.0.22621.0\ucrt\corecrt_math.h(536,44): error C2059: error de sintaxis: '('
C:\Users\Cris Pat\Desktop\U\Semestre_10\Tesis\Toolbox Epileptic EEG Analysis\pruebas\CHAMELEON\metis-5.1.0\libmetis\pmetis.c(179,27): warning C4244: '=': conversión de 'double' a 'real_t'; posible pérdida de datos
C:\Users\Cris Pat\Desktop\U\Semestre_10\Tesis\Toolbox Epileptic EEG Analysis\pruebas\CHAMELEON\metis-5.1.0\libmetis\pmetis.c(201,28): warning C4244: 'función': conversión de 'double' a 'real_t'; posible pérdida de datos
C:\Users\Cris Pat\Desktop\U\Semestre_10\Tesis\Toolbox Epileptic EEG Analysis\pruebas\CHAMELEON\metis-5.1.0\libmetis\pmetis.c(202,35): warning C4244: 'función': conversión de 'double' a 'real_t'; posible pérdida de datos
  refine.c
C:\Program Files (x86)\Windows Kits\10\Include\10.0.22621.0\ucrt\corecrt_math.h(88,1): warning C4005: 'INFINITY': redefinición de macro
C:\Users\Cris Pat\Desktop\U\Semestre_10\Tesis\Toolbox Epileptic EEG Analysis\pruebas\CHAMELEON\metis-5.1.0\GKlib\gk_arch.h(67,1): message : vea la definición anterior de 'INFINITY'
C:\Program Files (x86)\Windows Kits\10\Include\10.0.22621.0\ucrt\corecrt_math.h(536,44): error C2059: error de sintaxis: '('
  separator.c
C:\Program Files (x86)\Windows Kits\10\Include\10.0.22621.0\ucrt\corecrt_math.h(88,1): warning C4005: 'INFINITY': redefinición de macro
C:\Users\Cris Pat\Desktop\U\Semestre_10\Tesis\Toolbox Epileptic EEG Analysis\pruebas\CHAMELEON\metis-5.1.0\GKlib\gk_arch.h(67,1): message : vea la definición anterior de 'INFINITY'
C:\Program Files (x86)\Windows Kits\10\Include\10.0.22621.0\ucrt\corecrt_math.h(536,44): error C2059: error de sintaxis: '('
  sfm.c
C:\Program Files (x86)\Windows Kits\10\Include\10.0.22621.0\ucrt\corecrt_math.h(88,1): warning C4005: 'INFINITY': redefinición de macro
C:\Users\Cris Pat\Desktop\U\Semestre_10\Tesis\Toolbox Epileptic EEG Analysis\pruebas\CHAMELEON\metis-5.1.0\GKlib\gk_arch.h(67,1): message : vea la definición anterior de 'INFINITY'
C:\Program Files (x86)\Windows Kits\10\Include\10.0.22621.0\ucrt\corecrt_math.h(536,44): error C2059: error de sintaxis: '('
C:\Users\Cris Pat\Desktop\U\Semestre_10\Tesis\Toolbox Epileptic EEG Analysis\pruebas\CHAMELEON\metis-5.1.0\libmetis\sfm.c(55,13): warning C4244: '=': conversión de 'double' a 'real_t'; posible pérdida de datos
C:\Users\Cris Pat\Desktop\U\Semestre_10\Tesis\Toolbox Epileptic EEG Analysis\pruebas\CHAMELEON\metis-5.1.0\libmetis\sfm.c(75,38): warning C4244: 'función': conversión de 'idx_t' a 'real_t'; posible pérdida de datos
C:\Users\Cris Pat\Desktop\U\Semestre_10\Tesis\Toolbox Epileptic EEG Analysis\pruebas\CHAMELEON\metis-5.1.0\libmetis\sfm.c(76,38): warning C4244: 'función': conversión de 'idx_t' a 'real_t'; posible pérdida de datos
C:\Users\Cris Pat\Desktop\U\Semestre_10\Tesis\Toolbox Epileptic EEG Analysis\pruebas\CHAMELEON\metis-5.1.0\libmetis\sfm.c(159,48): warning C4244: 'función': conversión de 'idx_t' a 'real_t'; posible pérdida de datos
C:\Users\Cris Pat\Desktop\U\Semestre_10\Tesis\Toolbox Epileptic EEG Analysis\pruebas\CHAMELEON\metis-5.1.0\libmetis\sfm.c(179,50): warning C4244: 'función': conversión de 'idx_t' a 'real_t'; posible pérdida de datos
C:\Users\Cris Pat\Desktop\U\Semestre_10\Tesis\Toolbox Epileptic EEG Analysis\pruebas\CHAMELEON\metis-5.1.0\libmetis\sfm.c(185,45): warning C4244: 'función': conversión de 'idx_t' a 'real_t'; posible pérdida de datos
C:\Users\Cris Pat\Desktop\U\Semestre_10\Tesis\Toolbox Epileptic EEG Analysis\pruebas\CHAMELEON\metis-5.1.0\libmetis\sfm.c(294,13): warning C4244: '=': conversión de 'double' a 'real_t'; posible pérdida de datos
C:\Users\Cris Pat\Desktop\U\Semestre_10\Tesis\Toolbox Epileptic EEG Analysis\pruebas\CHAMELEON\metis-5.1.0\libmetis\sfm.c(316,34): warning C4244: 'función': conversión de 'idx_t' a 'real_t'; posible pérdida de datos
C:\Users\Cris Pat\Desktop\U\Semestre_10\Tesis\Toolbox Epileptic EEG Analysis\pruebas\CHAMELEON\metis-5.1.0\libmetis\sfm.c(394,44): warning C4244: 'función': conversión de 'idx_t' a 'real_t'; posible pérdida de datos
C:\Users\Cris Pat\Desktop\U\Semestre_10\Tesis\Toolbox Epileptic EEG Analysis\pruebas\CHAMELEON\metis-5.1.0\libmetis\sfm.c(399,38): warning C4244: 'función': conversión de 'idx_t' a 'real_t'; posible pérdida de datos
C:\Users\Cris Pat\Desktop\U\Semestre_10\Tesis\Toolbox Epileptic EEG Analysis\pruebas\CHAMELEON\metis-5.1.0\libmetis\sfm.c(497,13): warning C4244: '=': conversión de 'double' a 'real_t'; posible pérdida de datos
C:\Users\Cris Pat\Desktop\U\Semestre_10\Tesis\Toolbox Epileptic EEG Analysis\pruebas\CHAMELEON\metis-5.1.0\libmetis\sfm.c(523,32): warning C4244: 'función': conversión de 'idx_t' a 'real_t'; posible pérdida de datos
C:\Users\Cris Pat\Desktop\U\Semestre_10\Tesis\Toolbox Epileptic EEG Analysis\pruebas\CHAMELEON\metis-5.1.0\libmetis\sfm.c(592,43): warning C4244: 'función': conversión de 'idx_t' a 'real_t'; posible pérdida de datos
C:\Users\Cris Pat\Desktop\U\Semestre_10\Tesis\Toolbox Epileptic EEG Analysis\pruebas\CHAMELEON\metis-5.1.0\libmetis\sfm.c(597,36): warning C4244: 'función': conversión de 'idx_t' a 'real_t'; posible pérdida de datos
  srefine.c
C:\Program Files (x86)\Windows Kits\10\Include\10.0.22621.0\ucrt\corecrt_math.h(88,1): warning C4005: 'INFINITY': redefinición de macro
C:\Users\Cris Pat\Desktop\U\Semestre_10\Tesis\Toolbox Epileptic EEG Analysis\pruebas\CHAMELEON\metis-5.1.0\GKlib\gk_arch.h(67,1): message : vea la definición anterior de 'INFINITY'
C:\Program Files (x86)\Windows Kits\10\Include\10.0.22621.0\ucrt\corecrt_math.h(536,44): error C2059: error de sintaxis: '('
  stat.c
C:\Program Files (x86)\Windows Kits\10\Include\10.0.22621.0\ucrt\corecrt_math.h(88,1): warning C4005: 'INFINITY': redefinición de macro
C:\Users\Cris Pat\Desktop\U\Semestre_10\Tesis\Toolbox Epileptic EEG Analysis\pruebas\CHAMELEON\metis-5.1.0\GKlib\gk_arch.h(67,1): message : vea la definición anterior de 'INFINITY'
C:\Program Files (x86)\Windows Kits\10\Include\10.0.22621.0\ucrt\corecrt_math.h(536,44): error C2059: error de sintaxis: '('
C:\Users\Cris Pat\Desktop\U\Semestre_10\Tesis\Toolbox Epileptic EEG Analysis\pruebas\CHAMELEON\metis-5.1.0\libmetis\stat.c(140,58): warning C4244: '=': conversión de 'double' a 'real_t'; posible pérdida de datos
C:\Users\Cris Pat\Desktop\U\Semestre_10\Tesis\Toolbox Epileptic EEG Analysis\pruebas\CHAMELEON\metis-5.1.0\libmetis\stat.c(148,60): warning C4244: '=': conversión de 'double' a 'real_t'; posible pérdida de datos
C:\Users\Cris Pat\Desktop\U\Semestre_10\Tesis\Toolbox Epileptic EEG Analysis\pruebas\CHAMELEON\metis-5.1.0\libmetis\stat.c(171,55): warning C4244: '=': conversión de 'double' a 'real_t'; posible pérdida de datos
  timing.c
C:\Program Files (x86)\Windows Kits\10\Include\10.0.22621.0\ucrt\corecrt_math.h(88,1): warning C4005: 'INFINITY': redefinición de macro
C:\Users\Cris Pat\Desktop\U\Semestre_10\Tesis\Toolbox Epileptic EEG Analysis\pruebas\CHAMELEON\metis-5.1.0\GKlib\gk_arch.h(67,1): message : vea la definición anterior de 'INFINITY'
C:\Program Files (x86)\Windows Kits\10\Include\10.0.22621.0\ucrt\corecrt_math.h(536,44): error C2059: error de sintaxis: '('
  wspace.c
C:\Program Files (x86)\Windows Kits\10\Include\10.0.22621.0\ucrt\corecrt_math.h(88,1): warning C4005: 'INFINITY': redefinición de macro
C:\Users\Cris Pat\Desktop\U\Semestre_10\Tesis\Toolbox Epileptic EEG Analysis\pruebas\CHAMELEON\metis-5.1.0\GKlib\gk_arch.h(67,1): message : vea la definición anterior de 'INFINITY'
C:\Program Files (x86)\Windows Kits\10\Include\10.0.22621.0\ucrt\corecrt_math.h(536,44): error C2059: error de sintaxis: '('
C:\Users\Cris Pat\Desktop\U\Semestre_10\Tesis\Toolbox Epileptic EEG Analysis\pruebas\CHAMELEON\metis-5.1.0\libmetis\wspace.c(184,28): warning C4267: 'return': conversión de 'size_t' a 'idx_t'; posible pérdida de datos
C:\Users\Cris Pat\Desktop\U\Semestre_10\Tesis\Toolbox Epileptic EEG Analysis\pruebas\CHAMELEON\metis-5.1.0\libmetis\wspace.c(212,28): warning C4267: 'return': conversión de 'size_t' a 'idx_t'; posible pérdida de datos
  Generando código...
